{"C:\\Users\\nr666\\Documents\\code\\chouannNovel\\src\\lib\\import-export.ts": {"path":"C:\\Users\\nr666\\Documents\\code\\chouannNovel\\src\\lib\\import-export.ts","statementMap":{"0":{"start":{"line":11,"column":21},"end":{"line":14,"column":null}},"1":{"start":{"line":20,"column":2},"end":{"line":40,"column":null}},"2":{"start":{"line":21,"column":17},"end":{"line":21,"column":null}},"3":{"start":{"line":22,"column":4},"end":{"line":24,"column":null}},"4":{"start":{"line":23,"column":6},"end":{"line":23,"column":null}},"5":{"start":{"line":26,"column":17},"end":{"line":30,"column":null}},"6":{"start":{"line":32,"column":4},"end":{"line":35,"column":null}},"7":{"start":{"line":33,"column":6},"end":{"line":33,"column":null}},"8":{"start":{"line":34,"column":6},"end":{"line":34,"column":null}},"9":{"start":{"line":36,"column":4},"end":{"line":36,"column":null}},"10":{"start":{"line":38,"column":4},"end":{"line":38,"column":null}},"11":{"start":{"line":39,"column":4},"end":{"line":39,"column":null}},"12":{"start":{"line":50,"column":2},"end":{"line":74,"column":null}},"13":{"start":{"line":51,"column":17},"end":{"line":55,"column":null}},"14":{"start":{"line":57,"column":4},"end":{"line":59,"column":null}},"15":{"start":{"line":58,"column":6},"end":{"line":58,"column":null}},"16":{"start":{"line":61,"column":20},"end":{"line":61,"column":null}},"17":{"start":{"line":62,"column":17},"end":{"line":62,"column":null}},"18":{"start":{"line":65,"column":4},"end":{"line":67,"column":null}},"19":{"start":{"line":66,"column":6},"end":{"line":66,"column":null}},"20":{"start":{"line":69,"column":21},"end":{"line":69,"column":null}},"21":{"start":{"line":70,"column":4},"end":{"line":70,"column":null}},"22":{"start":{"line":72,"column":4},"end":{"line":72,"column":null}},"23":{"start":{"line":73,"column":4},"end":{"line":73,"column":null}},"24":{"start":{"line":81,"column":2},"end":{"line":98,"column":null}},"25":{"start":{"line":82,"column":17},"end":{"line":82,"column":null}},"26":{"start":{"line":84,"column":17},"end":{"line":88,"column":null}},"27":{"start":{"line":90,"column":4},"end":{"line":93,"column":null}},"28":{"start":{"line":91,"column":6},"end":{"line":91,"column":null}},"29":{"start":{"line":92,"column":6},"end":{"line":92,"column":null}},"30":{"start":{"line":94,"column":4},"end":{"line":94,"column":null}},"31":{"start":{"line":96,"column":4},"end":{"line":96,"column":null}},"32":{"start":{"line":97,"column":4},"end":{"line":97,"column":null}},"33":{"start":{"line":108,"column":2},"end":{"line":132,"column":null}},"34":{"start":{"line":109,"column":17},"end":{"line":113,"column":null}},"35":{"start":{"line":115,"column":4},"end":{"line":117,"column":null}},"36":{"start":{"line":116,"column":6},"end":{"line":116,"column":null}},"37":{"start":{"line":119,"column":20},"end":{"line":119,"column":null}},"38":{"start":{"line":120,"column":17},"end":{"line":120,"column":null}},"39":{"start":{"line":123,"column":4},"end":{"line":125,"column":null}},"40":{"start":{"line":124,"column":6},"end":{"line":124,"column":null}},"41":{"start":{"line":127,"column":4},"end":{"line":127,"column":null}},"42":{"start":{"line":128,"column":4},"end":{"line":128,"column":null}},"43":{"start":{"line":130,"column":4},"end":{"line":130,"column":null}},"44":{"start":{"line":131,"column":4},"end":{"line":131,"column":null}},"45":{"start":{"line":139,"column":2},"end":{"line":159,"column":null}},"46":{"start":{"line":140,"column":17},"end":{"line":140,"column":null}},"47":{"start":{"line":141,"column":4},"end":{"line":143,"column":null}},"48":{"start":{"line":142,"column":6},"end":{"line":142,"column":null}},"49":{"start":{"line":145,"column":17},"end":{"line":149,"column":null}},"50":{"start":{"line":151,"column":4},"end":{"line":154,"column":null}},"51":{"start":{"line":152,"column":6},"end":{"line":152,"column":null}},"52":{"start":{"line":153,"column":6},"end":{"line":153,"column":null}},"53":{"start":{"line":155,"column":4},"end":{"line":155,"column":null}},"54":{"start":{"line":157,"column":4},"end":{"line":157,"column":null}},"55":{"start":{"line":158,"column":4},"end":{"line":158,"column":null}},"56":{"start":{"line":168,"column":2},"end":{"line":192,"column":null}},"57":{"start":{"line":169,"column":17},"end":{"line":173,"column":null}},"58":{"start":{"line":175,"column":4},"end":{"line":177,"column":null}},"59":{"start":{"line":176,"column":6},"end":{"line":176,"column":null}},"60":{"start":{"line":179,"column":20},"end":{"line":179,"column":null}},"61":{"start":{"line":180,"column":17},"end":{"line":180,"column":null}},"62":{"start":{"line":183,"column":4},"end":{"line":185,"column":null}},"63":{"start":{"line":184,"column":6},"end":{"line":184,"column":null}},"64":{"start":{"line":187,"column":20},"end":{"line":187,"column":null}},"65":{"start":{"line":188,"column":4},"end":{"line":188,"column":null}},"66":{"start":{"line":190,"column":4},"end":{"line":190,"column":null}},"67":{"start":{"line":191,"column":4},"end":{"line":191,"column":null}},"68":{"start":{"line":199,"column":2},"end":{"line":199,"column":null}},"69":{"start":{"line":199,"column":41},"end":{"line":199,"column":null}},"70":{"start":{"line":200,"column":14},"end":{"line":200,"column":null}},"71":{"start":{"line":201,"column":2},"end":{"line":205,"column":null}},"72":{"start":{"line":210,"column":2},"end":{"line":210,"column":null}},"73":{"start":{"line":210,"column":41},"end":{"line":210,"column":null}},"74":{"start":{"line":211,"column":14},"end":{"line":211,"column":null}},"75":{"start":{"line":212,"column":2},"end":{"line":215,"column":null}},"76":{"start":{"line":220,"column":2},"end":{"line":220,"column":null}},"77":{"start":{"line":220,"column":41},"end":{"line":220,"column":null}},"78":{"start":{"line":221,"column":14},"end":{"line":221,"column":null}},"79":{"start":{"line":222,"column":2},"end":{"line":227,"column":null}}},"fnMap":{"0":{"name":"exportWorkflowToFile","decl":{"start":{"line":19,"column":22},"end":{"line":19,"column":43}},"loc":{"start":{"line":19,"column":81},"end":{"line":41,"column":null}},"line":19},"1":{"name":"importWorkflowFromFile","decl":{"start":{"line":46,"column":22},"end":{"line":46,"column":null}},"loc":{"start":{"line":49,"column":91},"end":{"line":75,"column":null}},"line":49},"2":{"name":"exportSettingsToFile","decl":{"start":{"line":80,"column":22},"end":{"line":80,"column":43}},"loc":{"start":{"line":80,"column":101},"end":{"line":99,"column":null}},"line":80},"3":{"name":"importSettingsFromFile","decl":{"start":{"line":104,"column":22},"end":{"line":104,"column":null}},"loc":{"start":{"line":107,"column":20},"end":{"line":133,"column":null}},"line":107},"4":{"name":"exportProjectToFile","decl":{"start":{"line":138,"column":22},"end":{"line":138,"column":42}},"loc":{"start":{"line":138,"column":79},"end":{"line":160,"column":null}},"line":138},"5":{"name":"importProjectFromFile","decl":{"start":{"line":165,"column":22},"end":{"line":165,"column":null}},"loc":{"start":{"line":167,"column":89},"end":{"line":193,"column":null}},"line":167},"6":{"name":"validateExportedWorkflow","decl":{"start":{"line":198,"column":16},"end":{"line":198,"column":41}},"loc":{"start":{"line":198,"column":82},"end":{"line":207,"column":null}},"line":198},"7":{"name":"validateExportedSettings","decl":{"start":{"line":209,"column":16},"end":{"line":209,"column":41}},"loc":{"start":{"line":209,"column":82},"end":{"line":217,"column":null}},"line":209},"8":{"name":"validateExportedProject","decl":{"start":{"line":219,"column":16},"end":{"line":219,"column":40}},"loc":{"start":{"line":219,"column":80},"end":{"line":229,"column":null}},"line":219}},"branchMap":{"0":{"loc":{"start":{"line":22,"column":4},"end":{"line":24,"column":null}},"type":"if","locations":[{"start":{"line":22,"column":4},"end":{"line":24,"column":null}},{"start":{},"end":{}}],"line":22},"1":{"loc":{"start":{"line":32,"column":4},"end":{"line":35,"column":null}},"type":"if","locations":[{"start":{"line":32,"column":4},"end":{"line":35,"column":null}},{"start":{},"end":{}}],"line":32},"2":{"loc":{"start":{"line":57,"column":4},"end":{"line":59,"column":null}},"type":"if","locations":[{"start":{"line":57,"column":4},"end":{"line":59,"column":null}},{"start":{},"end":{}}],"line":57},"3":{"loc":{"start":{"line":65,"column":4},"end":{"line":67,"column":null}},"type":"if","locations":[{"start":{"line":65,"column":4},"end":{"line":67,"column":null}},{"start":{},"end":{}}],"line":65},"4":{"loc":{"start":{"line":65,"column":8},"end":{"line":65,"column":56}},"type":"binary-expr","locations":[{"start":{"line":65,"column":8},"end":{"line":65,"column":25}},{"start":{"line":65,"column":25},"end":{"line":65,"column":43}},{"start":{"line":65,"column":43},"end":{"line":65,"column":56}}],"line":65},"5":{"loc":{"start":{"line":90,"column":4},"end":{"line":93,"column":null}},"type":"if","locations":[{"start":{"line":90,"column":4},"end":{"line":93,"column":null}},{"start":{},"end":{}}],"line":90},"6":{"loc":{"start":{"line":106,"column":2},"end":{"line":106,"column":null}},"type":"default-arg","locations":[{"start":{"line":106,"column":30},"end":{"line":106,"column":null}}],"line":106},"7":{"loc":{"start":{"line":115,"column":4},"end":{"line":117,"column":null}},"type":"if","locations":[{"start":{"line":115,"column":4},"end":{"line":117,"column":null}},{"start":{},"end":{}}],"line":115},"8":{"loc":{"start":{"line":123,"column":4},"end":{"line":125,"column":null}},"type":"if","locations":[{"start":{"line":123,"column":4},"end":{"line":125,"column":null}},{"start":{},"end":{}}],"line":123},"9":{"loc":{"start":{"line":123,"column":8},"end":{"line":123,"column":41}},"type":"binary-expr","locations":[{"start":{"line":123,"column":8},"end":{"line":123,"column":25}},{"start":{"line":123,"column":25},"end":{"line":123,"column":41}}],"line":123},"10":{"loc":{"start":{"line":141,"column":4},"end":{"line":143,"column":null}},"type":"if","locations":[{"start":{"line":141,"column":4},"end":{"line":143,"column":null}},{"start":{},"end":{}}],"line":141},"11":{"loc":{"start":{"line":151,"column":4},"end":{"line":154,"column":null}},"type":"if","locations":[{"start":{"line":151,"column":4},"end":{"line":154,"column":null}},{"start":{},"end":{}}],"line":151},"12":{"loc":{"start":{"line":175,"column":4},"end":{"line":177,"column":null}},"type":"if","locations":[{"start":{"line":175,"column":4},"end":{"line":177,"column":null}},{"start":{},"end":{}}],"line":175},"13":{"loc":{"start":{"line":183,"column":4},"end":{"line":185,"column":null}},"type":"if","locations":[{"start":{"line":183,"column":4},"end":{"line":185,"column":null}},{"start":{},"end":{}}],"line":183},"14":{"loc":{"start":{"line":183,"column":8},"end":{"line":183,"column":77}},"type":"binary-expr","locations":[{"start":{"line":183,"column":8},"end":{"line":183,"column":25}},{"start":{"line":183,"column":25},"end":{"line":183,"column":42}},{"start":{"line":183,"column":42},"end":{"line":183,"column":61}},{"start":{"line":183,"column":61},"end":{"line":183,"column":77}}],"line":183},"15":{"loc":{"start":{"line":199,"column":2},"end":{"line":199,"column":null}},"type":"if","locations":[{"start":{"line":199,"column":2},"end":{"line":199,"column":null}},{"start":{},"end":{}}],"line":199},"16":{"loc":{"start":{"line":199,"column":6},"end":{"line":199,"column":41}},"type":"binary-expr","locations":[{"start":{"line":199,"column":6},"end":{"line":199,"column":15}},{"start":{"line":199,"column":15},"end":{"line":199,"column":41}}],"line":199},"17":{"loc":{"start":{"line":202,"column":4},"end":{"line":205,"column":null}},"type":"binary-expr","locations":[{"start":{"line":202,"column":4},"end":{"line":202,"column":null}},{"start":{"line":203,"column":4},"end":{"line":203,"column":null}},{"start":{"line":204,"column":4},"end":{"line":204,"column":null}},{"start":{"line":205,"column":4},"end":{"line":205,"column":null}}],"line":202},"18":{"loc":{"start":{"line":210,"column":2},"end":{"line":210,"column":null}},"type":"if","locations":[{"start":{"line":210,"column":2},"end":{"line":210,"column":null}},{"start":{},"end":{}}],"line":210},"19":{"loc":{"start":{"line":210,"column":6},"end":{"line":210,"column":41}},"type":"binary-expr","locations":[{"start":{"line":210,"column":6},"end":{"line":210,"column":15}},{"start":{"line":210,"column":15},"end":{"line":210,"column":41}}],"line":210},"20":{"loc":{"start":{"line":213,"column":4},"end":{"line":215,"column":null}},"type":"binary-expr","locations":[{"start":{"line":213,"column":4},"end":{"line":213,"column":null}},{"start":{"line":214,"column":4},"end":{"line":214,"column":null}},{"start":{"line":215,"column":4},"end":{"line":215,"column":null}}],"line":213},"21":{"loc":{"start":{"line":220,"column":2},"end":{"line":220,"column":null}},"type":"if","locations":[{"start":{"line":220,"column":2},"end":{"line":220,"column":null}},{"start":{},"end":{}}],"line":220},"22":{"loc":{"start":{"line":220,"column":6},"end":{"line":220,"column":41}},"type":"binary-expr","locations":[{"start":{"line":220,"column":6},"end":{"line":220,"column":15}},{"start":{"line":220,"column":15},"end":{"line":220,"column":41}}],"line":220},"23":{"loc":{"start":{"line":223,"column":4},"end":{"line":227,"column":null}},"type":"binary-expr","locations":[{"start":{"line":223,"column":4},"end":{"line":223,"column":null}},{"start":{"line":224,"column":4},"end":{"line":224,"column":null}},{"start":{"line":225,"column":4},"end":{"line":225,"column":null}},{"start":{"line":226,"column":4},"end":{"line":226,"column":null}},{"start":{"line":227,"column":4},"end":{"line":227,"column":null}}],"line":223}},"s":{"0":0,"1":0,"2":0,"3":0,"4":0,"5":0,"6":0,"7":0,"8":0,"9":0,"10":0,"11":0,"12":0,"13":0,"14":0,"15":0,"16":0,"17":0,"18":0,"19":0,"20":0,"21":0,"22":0,"23":0,"24":0,"25":0,"26":0,"27":0,"28":0,"29":0,"30":0,"31":0,"32":0,"33":0,"34":0,"35":0,"36":0,"37":0,"38":0,"39":0,"40":0,"41":0,"42":0,"43":0,"44":0,"45":0,"46":0,"47":0,"48":0,"49":0,"50":0,"51":0,"52":0,"53":0,"54":0,"55":0,"56":0,"57":0,"58":0,"59":0,"60":0,"61":0,"62":0,"63":0,"64":0,"65":0,"66":0,"67":0,"68":0,"69":0,"70":0,"71":0,"72":0,"73":0,"74":0,"75":0,"76":0,"77":0,"78":0,"79":0},"f":{"0":0,"1":0,"2":0,"3":0,"4":0,"5":0,"6":0,"7":0,"8":0},"b":{"0":[0,0],"1":[0,0],"2":[0,0],"3":[0,0],"4":[0,0,0],"5":[0,0],"6":[0],"7":[0,0],"8":[0,0],"9":[0,0],"10":[0,0],"11":[0,0],"12":[0,0],"13":[0,0],"14":[0,0,0,0],"15":[0,0],"16":[0,0],"17":[0,0,0,0],"18":[0,0],"19":[0,0],"20":[0,0,0],"21":[0,0],"22":[0,0],"23":[0,0,0,0,0]},"meta":{"lastBranch":24,"lastFunction":9,"lastStatement":80,"seen":{"s:11:21:14:Infinity":0,"f:19:22:19:43":0,"s:20:2:40:Infinity":1,"s:21:17:21:Infinity":2,"b:22:4:24:Infinity:undefined:undefined:undefined:undefined":0,"s:22:4:24:Infinity":3,"s:23:6:23:Infinity":4,"s:26:17:30:Infinity":5,"b:32:4:35:Infinity:undefined:undefined:undefined:undefined":1,"s:32:4:35:Infinity":6,"s:33:6:33:Infinity":7,"s:34:6:34:Infinity":8,"s:36:4:36:Infinity":9,"s:38:4:38:Infinity":10,"s:39:4:39:Infinity":11,"f:46:22:46:Infinity":1,"s:50:2:74:Infinity":12,"s:51:17:55:Infinity":13,"b:57:4:59:Infinity:undefined:undefined:undefined:undefined":2,"s:57:4:59:Infinity":14,"s:58:6:58:Infinity":15,"s:61:20:61:Infinity":16,"s:62:17:62:Infinity":17,"b:65:4:67:Infinity:undefined:undefined:undefined:undefined":3,"s:65:4:67:Infinity":18,"b:65:8:65:25:65:25:65:43:65:43:65:56":4,"s:66:6:66:Infinity":19,"s:69:21:69:Infinity":20,"s:70:4:70:Infinity":21,"s:72:4:72:Infinity":22,"s:73:4:73:Infinity":23,"f:80:22:80:43":2,"s:81:2:98:Infinity":24,"s:82:17:82:Infinity":25,"s:84:17:88:Infinity":26,"b:90:4:93:Infinity:undefined:undefined:undefined:undefined":5,"s:90:4:93:Infinity":27,"s:91:6:91:Infinity":28,"s:92:6:92:Infinity":29,"s:94:4:94:Infinity":30,"s:96:4:96:Infinity":31,"s:97:4:97:Infinity":32,"f:104:22:104:Infinity":3,"b:106:30:106:Infinity":6,"s:108:2:132:Infinity":33,"s:109:17:113:Infinity":34,"b:115:4:117:Infinity:undefined:undefined:undefined:undefined":7,"s:115:4:117:Infinity":35,"s:116:6:116:Infinity":36,"s:119:20:119:Infinity":37,"s:120:17:120:Infinity":38,"b:123:4:125:Infinity:undefined:undefined:undefined:undefined":8,"s:123:4:125:Infinity":39,"b:123:8:123:25:123:25:123:41":9,"s:124:6:124:Infinity":40,"s:127:4:127:Infinity":41,"s:128:4:128:Infinity":42,"s:130:4:130:Infinity":43,"s:131:4:131:Infinity":44,"f:138:22:138:42":4,"s:139:2:159:Infinity":45,"s:140:17:140:Infinity":46,"b:141:4:143:Infinity:undefined:undefined:undefined:undefined":10,"s:141:4:143:Infinity":47,"s:142:6:142:Infinity":48,"s:145:17:149:Infinity":49,"b:151:4:154:Infinity:undefined:undefined:undefined:undefined":11,"s:151:4:154:Infinity":50,"s:152:6:152:Infinity":51,"s:153:6:153:Infinity":52,"s:155:4:155:Infinity":53,"s:157:4:157:Infinity":54,"s:158:4:158:Infinity":55,"f:165:22:165:Infinity":5,"s:168:2:192:Infinity":56,"s:169:17:173:Infinity":57,"b:175:4:177:Infinity:undefined:undefined:undefined:undefined":12,"s:175:4:177:Infinity":58,"s:176:6:176:Infinity":59,"s:179:20:179:Infinity":60,"s:180:17:180:Infinity":61,"b:183:4:185:Infinity:undefined:undefined:undefined:undefined":13,"s:183:4:185:Infinity":62,"b:183:8:183:25:183:25:183:42:183:42:183:61:183:61:183:77":14,"s:184:6:184:Infinity":63,"s:187:20:187:Infinity":64,"s:188:4:188:Infinity":65,"s:190:4:190:Infinity":66,"s:191:4:191:Infinity":67,"f:198:16:198:41":6,"b:199:2:199:Infinity:undefined:undefined:undefined:undefined":15,"s:199:2:199:Infinity":68,"b:199:6:199:15:199:15:199:41":16,"s:199:41:199:Infinity":69,"s:200:14:200:Infinity":70,"s:201:2:205:Infinity":71,"b:202:4:202:Infinity:203:4:203:Infinity:204:4:204:Infinity:205:4:205:Infinity":17,"f:209:16:209:41":7,"b:210:2:210:Infinity:undefined:undefined:undefined:undefined":18,"s:210:2:210:Infinity":72,"b:210:6:210:15:210:15:210:41":19,"s:210:41:210:Infinity":73,"s:211:14:211:Infinity":74,"s:212:2:215:Infinity":75,"b:213:4:213:Infinity:214:4:214:Infinity:215:4:215:Infinity":20,"f:219:16:219:40":8,"b:220:2:220:Infinity:undefined:undefined:undefined:undefined":21,"s:220:2:220:Infinity":76,"b:220:6:220:15:220:15:220:41":22,"s:220:41:220:Infinity":77,"s:221:14:221:Infinity":78,"s:222:2:227:Infinity":79,"b:223:4:223:Infinity:224:4:224:Infinity:225:4:225:Infinity:226:4:226:Infinity:227:4:227:Infinity":23}}}
,"C:\\Users\\nr666\\Documents\\code\\chouannNovel\\src\\lib\\utils.ts": {"path":"C:\\Users\\nr666\\Documents\\code\\chouannNovel\\src\\lib\\utils.ts","statementMap":{"0":{"start":{"line":6,"column":2},"end":{"line":6,"column":null}},"1":{"start":{"line":20,"column":56},"end":{"line":20,"column":null}},"2":{"start":{"line":22,"column":22},"end":{"line":30,"column":null}},"3":{"start":{"line":23,"column":4},"end":{"line":25,"column":null}},"4":{"start":{"line":24,"column":6},"end":{"line":24,"column":null}},"5":{"start":{"line":26,"column":4},"end":{"line":29,"column":null}},"6":{"start":{"line":27,"column":6},"end":{"line":27,"column":null}},"7":{"start":{"line":28,"column":6},"end":{"line":28,"column":null}},"8":{"start":{"line":32,"column":2},"end":{"line":37,"column":null}},"9":{"start":{"line":33,"column":4},"end":{"line":36,"column":null}},"10":{"start":{"line":34,"column":6},"end":{"line":34,"column":null}},"11":{"start":{"line":35,"column":6},"end":{"line":35,"column":null}},"12":{"start":{"line":39,"column":2},"end":{"line":39,"column":null}},"13":{"start":{"line":48,"column":42},"end":{"line":48,"column":null}},"14":{"start":{"line":50,"column":2},"end":{"line":56,"column":null}},"15":{"start":{"line":51,"column":18},"end":{"line":53,"column":null}},"16":{"start":{"line":52,"column":6},"end":{"line":52,"column":null}},"17":{"start":{"line":55,"column":4},"end":{"line":55,"column":null}},"18":{"start":{"line":55,"column":17},"end":{"line":55,"column":null}},"19":{"start":{"line":58,"column":2},"end":{"line":58,"column":null}},"20":{"start":{"line":72,"column":8},"end":{"line":72,"column":null}},"21":{"start":{"line":75,"column":2},"end":{"line":81,"column":null}},"22":{"start":{"line":76,"column":4},"end":{"line":80,"column":null}},"23":{"start":{"line":77,"column":6},"end":{"line":79,"column":null}},"24":{"start":{"line":78,"column":8},"end":{"line":78,"column":null}},"25":{"start":{"line":83,"column":2},"end":{"line":94,"column":null}},"26":{"start":{"line":85,"column":6},"end":{"line":87,"column":null}},"27":{"start":{"line":86,"column":8},"end":{"line":86,"column":null}},"28":{"start":{"line":88,"column":6},"end":{"line":90,"column":null}},"29":{"start":{"line":89,"column":8},"end":{"line":89,"column":null}},"30":{"start":{"line":108,"column":16},"end":{"line":108,"column":null}},"31":{"start":{"line":109,"column":56},"end":{"line":109,"column":null}},"32":{"start":{"line":111,"column":22},"end":{"line":128,"column":null}},"33":{"start":{"line":112,"column":16},"end":{"line":112,"column":null}},"34":{"start":{"line":114,"column":4},"end":{"line":127,"column":null}},"35":{"start":{"line":115,"column":6},"end":{"line":115,"column":null}},"36":{"start":{"line":116,"column":6},"end":{"line":116,"column":null}},"37":{"start":{"line":119,"column":6},"end":{"line":121,"column":null}},"38":{"start":{"line":120,"column":8},"end":{"line":120,"column":null}},"39":{"start":{"line":122,"column":6},"end":{"line":126,"column":null}},"40":{"start":{"line":123,"column":8},"end":{"line":123,"column":null}},"41":{"start":{"line":124,"column":8},"end":{"line":124,"column":null}},"42":{"start":{"line":125,"column":8},"end":{"line":125,"column":null}},"43":{"start":{"line":130,"column":2},"end":{"line":135,"column":null}},"44":{"start":{"line":131,"column":4},"end":{"line":134,"column":null}},"45":{"start":{"line":132,"column":6},"end":{"line":132,"column":null}},"46":{"start":{"line":133,"column":6},"end":{"line":133,"column":null}},"47":{"start":{"line":137,"column":2},"end":{"line":137,"column":null}},"48":{"start":{"line":151,"column":8},"end":{"line":151,"column":null}},"49":{"start":{"line":152,"column":8},"end":{"line":152,"column":null}},"50":{"start":{"line":154,"column":2},"end":{"line":160,"column":null}},"51":{"start":{"line":155,"column":4},"end":{"line":159,"column":null}},"52":{"start":{"line":156,"column":6},"end":{"line":158,"column":null}},"53":{"start":{"line":157,"column":8},"end":{"line":157,"column":null}},"54":{"start":{"line":162,"column":2},"end":{"line":182,"column":null}},"55":{"start":{"line":164,"column":18},"end":{"line":164,"column":null}},"56":{"start":{"line":166,"column":6},"end":{"line":178,"column":null}},"57":{"start":{"line":167,"column":8},"end":{"line":167,"column":null}},"58":{"start":{"line":168,"column":8},"end":{"line":168,"column":null}},"59":{"start":{"line":170,"column":8},"end":{"line":172,"column":null}},"60":{"start":{"line":171,"column":10},"end":{"line":171,"column":null}},"61":{"start":{"line":173,"column":8},"end":{"line":177,"column":null}},"62":{"start":{"line":174,"column":10},"end":{"line":174,"column":null}},"63":{"start":{"line":175,"column":10},"end":{"line":175,"column":null}},"64":{"start":{"line":176,"column":10},"end":{"line":176,"column":null}}},"fnMap":{"0":{"name":"cn","decl":{"start":{"line":5,"column":16},"end":{"line":5,"column":22}},"loc":{"start":{"line":5,"column":44},"end":{"line":7,"column":null}},"line":5},"1":{"name":"debounce","decl":{"start":{"line":16,"column":16},"end":{"line":16,"column":null}},"loc":{"start":{"line":19,"column":63},"end":{"line":40,"column":null}},"line":19},"2":{"name":"(anonymous_2)","decl":{"start":{"line":22,"column":22},"end":{"line":22,"column":26}},"loc":{"start":{"line":22,"column":50},"end":{"line":30,"column":null}},"line":22},"3":{"name":"(anonymous_3)","decl":{"start":{"line":26,"column":27},"end":{"line":26,"column":33}},"loc":{"start":{"line":26,"column":33},"end":{"line":29,"column":7}},"line":26},"4":{"name":"(anonymous_4)","decl":{"start":{"line":32,"column":23},"end":{"line":32,"column":29}},"loc":{"start":{"line":32,"column":29},"end":{"line":37,"column":null}},"line":32},"5":{"name":"useDebouncedValue","decl":{"start":{"line":47,"column":16},"end":{"line":47,"column":37}},"loc":{"start":{"line":47,"column":65},"end":{"line":59,"column":null}},"line":47},"6":{"name":"(anonymous_6)","decl":{"start":{"line":50,"column":12},"end":{"line":50,"column":18}},"loc":{"start":{"line":50,"column":18},"end":{"line":56,"column":5}},"line":50},"7":{"name":"(anonymous_7)","decl":{"start":{"line":51,"column":29},"end":{"line":51,"column":35}},"loc":{"start":{"line":51,"column":35},"end":{"line":53,"column":7}},"line":51},"8":{"name":"(anonymous_8)","decl":{"start":{"line":55,"column":11},"end":{"line":55,"column":17}},"loc":{"start":{"line":55,"column":17},"end":{"line":55,"column":null}},"line":55},"9":{"name":"useDebouncedCallback","decl":{"start":{"line":67,"column":16},"end":{"line":67,"column":null}},"loc":{"start":{"line":71,"column":36},"end":{"line":95,"column":null}},"line":71},"10":{"name":"(anonymous_10)","decl":{"start":{"line":75,"column":12},"end":{"line":75,"column":18}},"loc":{"start":{"line":75,"column":18},"end":{"line":81,"column":5}},"line":75},"11":{"name":"(anonymous_11)","decl":{"start":{"line":76,"column":11},"end":{"line":76,"column":17}},"loc":{"start":{"line":76,"column":17},"end":{"line":80,"column":null}},"line":76},"12":{"name":"(anonymous_12)","decl":{"start":{"line":84,"column":4},"end":{"line":84,"column":8}},"loc":{"start":{"line":84,"column":32},"end":{"line":91,"column":null}},"line":84},"13":{"name":"(anonymous_13)","decl":{"start":{"line":88,"column":38},"end":{"line":88,"column":44}},"loc":{"start":{"line":88,"column":44},"end":{"line":90,"column":9}},"line":88},"14":{"name":"throttle","decl":{"start":{"line":104,"column":16},"end":{"line":104,"column":null}},"loc":{"start":{"line":107,"column":63},"end":{"line":138,"column":null}},"line":107},"15":{"name":"(anonymous_15)","decl":{"start":{"line":111,"column":22},"end":{"line":111,"column":26}},"loc":{"start":{"line":111,"column":50},"end":{"line":128,"column":null}},"line":111},"16":{"name":"(anonymous_16)","decl":{"start":{"line":122,"column":29},"end":{"line":122,"column":35}},"loc":{"start":{"line":122,"column":35},"end":{"line":126,"column":9}},"line":122},"17":{"name":"(anonymous_17)","decl":{"start":{"line":130,"column":23},"end":{"line":130,"column":29}},"loc":{"start":{"line":130,"column":29},"end":{"line":135,"column":null}},"line":130},"18":{"name":"useThrottledCallback","decl":{"start":{"line":146,"column":16},"end":{"line":146,"column":null}},"loc":{"start":{"line":150,"column":36},"end":{"line":183,"column":null}},"line":150},"19":{"name":"(anonymous_19)","decl":{"start":{"line":154,"column":12},"end":{"line":154,"column":18}},"loc":{"start":{"line":154,"column":18},"end":{"line":160,"column":5}},"line":154},"20":{"name":"(anonymous_20)","decl":{"start":{"line":155,"column":11},"end":{"line":155,"column":17}},"loc":{"start":{"line":155,"column":17},"end":{"line":159,"column":null}},"line":155},"21":{"name":"(anonymous_21)","decl":{"start":{"line":163,"column":4},"end":{"line":163,"column":8}},"loc":{"start":{"line":163,"column":32},"end":{"line":179,"column":null}},"line":163},"22":{"name":"(anonymous_22)","decl":{"start":{"line":173,"column":40},"end":{"line":173,"column":46}},"loc":{"start":{"line":173,"column":46},"end":{"line":177,"column":11}},"line":173}},"branchMap":{"0":{"loc":{"start":{"line":23,"column":4},"end":{"line":25,"column":null}},"type":"if","locations":[{"start":{"line":23,"column":4},"end":{"line":25,"column":null}},{"start":{},"end":{}}],"line":23},"1":{"loc":{"start":{"line":33,"column":4},"end":{"line":36,"column":null}},"type":"if","locations":[{"start":{"line":33,"column":4},"end":{"line":36,"column":null}},{"start":{},"end":{}}],"line":33},"2":{"loc":{"start":{"line":70,"column":2},"end":{"line":70,"column":null}},"type":"default-arg","locations":[{"start":{"line":70,"column":31},"end":{"line":70,"column":null}}],"line":70},"3":{"loc":{"start":{"line":77,"column":6},"end":{"line":79,"column":null}},"type":"if","locations":[{"start":{"line":77,"column":6},"end":{"line":79,"column":null}},{"start":{},"end":{}}],"line":77},"4":{"loc":{"start":{"line":85,"column":6},"end":{"line":87,"column":null}},"type":"if","locations":[{"start":{"line":85,"column":6},"end":{"line":87,"column":null}},{"start":{},"end":{}}],"line":85},"5":{"loc":{"start":{"line":114,"column":4},"end":{"line":127,"column":null}},"type":"if","locations":[{"start":{"line":114,"column":4},"end":{"line":127,"column":null}},{"start":{"line":117,"column":11},"end":{"line":127,"column":null}}],"line":114},"6":{"loc":{"start":{"line":119,"column":6},"end":{"line":121,"column":null}},"type":"if","locations":[{"start":{"line":119,"column":6},"end":{"line":121,"column":null}},{"start":{},"end":{}}],"line":119},"7":{"loc":{"start":{"line":131,"column":4},"end":{"line":134,"column":null}},"type":"if","locations":[{"start":{"line":131,"column":4},"end":{"line":134,"column":null}},{"start":{},"end":{}}],"line":131},"8":{"loc":{"start":{"line":149,"column":2},"end":{"line":149,"column":null}},"type":"default-arg","locations":[{"start":{"line":149,"column":31},"end":{"line":149,"column":null}}],"line":149},"9":{"loc":{"start":{"line":156,"column":6},"end":{"line":158,"column":null}},"type":"if","locations":[{"start":{"line":156,"column":6},"end":{"line":158,"column":null}},{"start":{},"end":{}}],"line":156},"10":{"loc":{"start":{"line":166,"column":6},"end":{"line":178,"column":null}},"type":"if","locations":[{"start":{"line":166,"column":6},"end":{"line":178,"column":null}},{"start":{"line":169,"column":13},"end":{"line":178,"column":null}}],"line":166},"11":{"loc":{"start":{"line":170,"column":8},"end":{"line":172,"column":null}},"type":"if","locations":[{"start":{"line":170,"column":8},"end":{"line":172,"column":null}},{"start":{},"end":{}}],"line":170}},"s":{"0":2237,"1":6,"2":6,"3":11,"4":5,"5":11,"6":4,"7":4,"8":6,"9":3,"10":2,"11":2,"12":6,"13":20,"14":20,"15":15,"16":5,"17":15,"18":15,"19":20,"20":7,"21":7,"22":6,"23":6,"24":6,"25":7,"26":10,"27":4,"28":10,"29":6,"30":6,"31":6,"32":6,"33":14,"34":14,"35":8,"36":8,"37":6,"38":2,"39":6,"40":2,"41":2,"42":2,"43":6,"44":1,"45":1,"46":1,"47":6,"48":8,"49":8,"50":8,"51":7,"52":7,"53":1,"54":8,"55":14,"56":14,"57":9,"58":9,"59":5,"60":2,"61":5,"62":2,"63":2,"64":2},"f":{"0":2237,"1":6,"2":11,"3":4,"4":3,"5":20,"6":15,"7":5,"8":15,"9":7,"10":6,"11":6,"12":10,"13":6,"14":6,"15":14,"16":2,"17":1,"18":8,"19":7,"20":7,"21":14,"22":2},"b":{"0":[5,6],"1":[2,1],"2":[7],"3":[6,0],"4":[4,6],"5":[8,6],"6":[2,4],"7":[1,0],"8":[8],"9":[1,6],"10":[9,5],"11":[2,3]},"meta":{"lastBranch":12,"lastFunction":23,"lastStatement":65,"seen":{"f:5:16:5:22":0,"s:6:2:6:Infinity":0,"f:16:16:16:Infinity":1,"s:20:56:20:Infinity":1,"s:22:22:30:Infinity":2,"f:22:22:22:26":2,"b:23:4:25:Infinity:undefined:undefined:undefined:undefined":0,"s:23:4:25:Infinity":3,"s:24:6:24:Infinity":4,"s:26:4:29:Infinity":5,"f:26:27:26:33":3,"s:27:6:27:Infinity":6,"s:28:6:28:Infinity":7,"s:32:2:37:Infinity":8,"f:32:23:32:29":4,"b:33:4:36:Infinity:undefined:undefined:undefined:undefined":1,"s:33:4:36:Infinity":9,"s:34:6:34:Infinity":10,"s:35:6:35:Infinity":11,"s:39:2:39:Infinity":12,"f:47:16:47:37":5,"s:48:42:48:Infinity":13,"s:50:2:56:Infinity":14,"f:50:12:50:18":6,"s:51:18:53:Infinity":15,"f:51:29:51:35":7,"s:52:6:52:Infinity":16,"s:55:4:55:Infinity":17,"f:55:11:55:17":8,"s:55:17:55:Infinity":18,"s:58:2:58:Infinity":19,"f:67:16:67:Infinity":9,"b:70:31:70:Infinity":2,"s:72:8:72:Infinity":20,"s:75:2:81:Infinity":21,"f:75:12:75:18":10,"s:76:4:80:Infinity":22,"f:76:11:76:17":11,"b:77:6:79:Infinity:undefined:undefined:undefined:undefined":3,"s:77:6:79:Infinity":23,"s:78:8:78:Infinity":24,"s:83:2:94:Infinity":25,"f:84:4:84:8":12,"b:85:6:87:Infinity:undefined:undefined:undefined:undefined":4,"s:85:6:87:Infinity":26,"s:86:8:86:Infinity":27,"s:88:6:90:Infinity":28,"f:88:38:88:44":13,"s:89:8:89:Infinity":29,"f:104:16:104:Infinity":14,"s:108:16:108:Infinity":30,"s:109:56:109:Infinity":31,"s:111:22:128:Infinity":32,"f:111:22:111:26":15,"s:112:16:112:Infinity":33,"b:114:4:127:Infinity:117:11:127:Infinity":5,"s:114:4:127:Infinity":34,"s:115:6:115:Infinity":35,"s:116:6:116:Infinity":36,"b:119:6:121:Infinity:undefined:undefined:undefined:undefined":6,"s:119:6:121:Infinity":37,"s:120:8:120:Infinity":38,"s:122:6:126:Infinity":39,"f:122:29:122:35":16,"s:123:8:123:Infinity":40,"s:124:8:124:Infinity":41,"s:125:8:125:Infinity":42,"s:130:2:135:Infinity":43,"f:130:23:130:29":17,"b:131:4:134:Infinity:undefined:undefined:undefined:undefined":7,"s:131:4:134:Infinity":44,"s:132:6:132:Infinity":45,"s:133:6:133:Infinity":46,"s:137:2:137:Infinity":47,"f:146:16:146:Infinity":18,"b:149:31:149:Infinity":8,"s:151:8:151:Infinity":48,"s:152:8:152:Infinity":49,"s:154:2:160:Infinity":50,"f:154:12:154:18":19,"s:155:4:159:Infinity":51,"f:155:11:155:17":20,"b:156:6:158:Infinity:undefined:undefined:undefined:undefined":9,"s:156:6:158:Infinity":52,"s:157:8:157:Infinity":53,"s:162:2:182:Infinity":54,"f:163:4:163:8":21,"s:164:18:164:Infinity":55,"b:166:6:178:Infinity:169:13:178:Infinity":10,"s:166:6:178:Infinity":56,"s:167:8:167:Infinity":57,"s:168:8:168:Infinity":58,"b:170:8:172:Infinity:undefined:undefined:undefined:undefined":11,"s:170:8:172:Infinity":59,"s:171:10:171:Infinity":60,"s:173:8:177:Infinity":61,"f:173:40:173:46":22,"s:174:10:174:Infinity":62,"s:175:10:175:Infinity":63,"s:176:10:176:Infinity":64}}}
,"C:\\Users\\nr666\\Documents\\code\\chouannNovel\\src\\lib\\ai\\index.ts": {"path":"C:\\Users\\nr666\\Documents\\code\\chouannNovel\\src\\lib\\ai\\index.ts","statementMap":{"0":{"start":{"line":54,"column":45},"end":{"line":155,"column":null}},"1":{"start":{"line":158,"column":22},"end":{"line":158,"column":null}},"2":{"start":{"line":164,"column":2},"end":{"line":164,"column":null}},"3":{"start":{"line":164,"column":38},"end":{"line":164,"column":61}},"4":{"start":{"line":171,"column":32},"end":{"line":171,"column":null}},"5":{"start":{"line":173,"column":2},"end":{"line":199,"column":null}},"6":{"start":{"line":174,"column":19},"end":{"line":174,"column":null}},"7":{"start":{"line":175,"column":4},"end":{"line":175,"column":null}},"8":{"start":{"line":175,"column":45},"end":{"line":175,"column":null}},"9":{"start":{"line":178,"column":28},"end":{"line":178,"column":null}},"10":{"start":{"line":179,"column":26},"end":{"line":181,"column":null}},"11":{"start":{"line":180,"column":13},"end":{"line":180,"column":null}},"12":{"start":{"line":182,"column":4},"end":{"line":182,"column":null}},"13":{"start":{"line":185,"column":25},"end":{"line":185,"column":null}},"14":{"start":{"line":186,"column":4},"end":{"line":198,"column":null}},"15":{"start":{"line":187,"column":6},"end":{"line":197,"column":null}},"16":{"start":{"line":188,"column":8},"end":{"line":196,"column":null}},"17":{"start":{"line":201,"column":2},"end":{"line":201,"column":null}},"18":{"start":{"line":209,"column":23},"end":{"line":209,"column":null}},"19":{"start":{"line":209,"column":50},"end":{"line":209,"column":66}},"20":{"start":{"line":210,"column":2},"end":{"line":210,"column":null}},"21":{"start":{"line":210,"column":20},"end":{"line":210,"column":null}},"22":{"start":{"line":213,"column":2},"end":{"line":229,"column":null}},"23":{"start":{"line":214,"column":4},"end":{"line":228,"column":null}},"24":{"start":{"line":215,"column":21},"end":{"line":215,"column":null}},"25":{"start":{"line":216,"column":26},"end":{"line":216,"column":null}},"26":{"start":{"line":216,"column":61},"end":{"line":216,"column":77}},"27":{"start":{"line":217,"column":6},"end":{"line":227,"column":null}},"28":{"start":{"line":218,"column":8},"end":{"line":226,"column":null}},"29":{"start":{"line":231,"column":2},"end":{"line":231,"column":null}},"30":{"start":{"line":238,"column":17},"end":{"line":238,"column":null}},"31":{"start":{"line":239,"column":2},"end":{"line":239,"column":null}},"32":{"start":{"line":250,"column":25},"end":{"line":250,"column":null}},"33":{"start":{"line":251,"column":2},"end":{"line":253,"column":null}},"34":{"start":{"line":252,"column":4},"end":{"line":252,"column":null}},"35":{"start":{"line":255,"column":2},"end":{"line":279,"column":null}},"36":{"start":{"line":257,"column":12},"end":{"line":260,"column":null}},"37":{"start":{"line":261,"column":6},"end":{"line":261,"column":null}},"38":{"start":{"line":264,"column":12},"end":{"line":267,"column":null}},"39":{"start":{"line":268,"column":6},"end":{"line":268,"column":null}},"40":{"start":{"line":271,"column":12},"end":{"line":274,"column":null}},"41":{"start":{"line":275,"column":6},"end":{"line":275,"column":null}},"42":{"start":{"line":278,"column":6},"end":{"line":278,"column":null}},"43":{"start":{"line":286,"column":2},"end":{"line":289,"column":null}},"44":{"start":{"line":286,"column":30},"end":{"line":289,"column":4}},"45":{"start":{"line":300,"column":2},"end":{"line":302,"column":null}},"46":{"start":{"line":301,"column":4},"end":{"line":301,"column":null}},"47":{"start":{"line":304,"column":23},"end":{"line":304,"column":null}},"48":{"start":{"line":307,"column":2},"end":{"line":309,"column":null}},"49":{"start":{"line":308,"column":4},"end":{"line":308,"column":null}},"50":{"start":{"line":312,"column":2},"end":{"line":336,"column":null}},"51":{"start":{"line":314,"column":4},"end":{"line":323,"column":null}},"52":{"start":{"line":315,"column":6},"end":{"line":322,"column":null}},"53":{"start":{"line":326,"column":4},"end":{"line":335,"column":null}},"54":{"start":{"line":327,"column":6},"end":{"line":334,"column":null}},"55":{"start":{"line":339,"column":2},"end":{"line":348,"column":null}},"56":{"start":{"line":341,"column":4},"end":{"line":347,"column":null}},"57":{"start":{"line":342,"column":6},"end":{"line":346,"column":null}},"58":{"start":{"line":350,"column":2},"end":{"line":350,"column":null}},"59":{"start":{"line":360,"column":16},"end":{"line":360,"column":null}},"60":{"start":{"line":361,"column":22},"end":{"line":361,"column":null}},"61":{"start":{"line":364,"column":26},"end":{"line":364,"column":null}},"62":{"start":{"line":366,"column":17},"end":{"line":374,"column":null}},"63":{"start":{"line":376,"column":2},"end":{"line":385,"column":null}},"64":{"start":{"line":396,"column":16},"end":{"line":396,"column":null}},"65":{"start":{"line":397,"column":22},"end":{"line":397,"column":null}},"66":{"start":{"line":400,"column":26},"end":{"line":400,"column":null}},"67":{"start":{"line":402,"column":8},"end":{"line":410,"column":null}},"68":{"start":{"line":413,"column":2},"end":{"line":415,"column":null}},"69":{"start":{"line":414,"column":4},"end":{"line":414,"column":null}},"70":{"start":{"line":418,"column":2},"end":{"line":418,"column":null}},"71":{"start":{"line":428,"column":16},"end":{"line":428,"column":null}},"72":{"start":{"line":429,"column":22},"end":{"line":429,"column":null}},"73":{"start":{"line":432,"column":26},"end":{"line":432,"column":null}},"74":{"start":{"line":434,"column":8},"end":{"line":442,"column":null}},"75":{"start":{"line":444,"column":2},"end":{"line":446,"column":null}},"76":{"start":{"line":445,"column":4},"end":{"line":445,"column":null}},"77":{"start":{"line":448,"column":2},"end":{"line":448,"column":null}}},"fnMap":{"0":{"name":"getBuiltinModelsByProvider","decl":{"start":{"line":163,"column":16},"end":{"line":163,"column":43}},"loc":{"start":{"line":163,"column":80},"end":{"line":165,"column":null}},"line":163},"1":{"name":"(anonymous_1)","decl":{"start":{"line":164,"column":31},"end":{"line":164,"column":32}},"loc":{"start":{"line":164,"column":38},"end":{"line":164,"column":61}},"line":164},"2":{"name":"getAvailableModels","decl":{"start":{"line":170,"column":16},"end":{"line":170,"column":35}},"loc":{"start":{"line":170,"column":78},"end":{"line":202,"column":null}},"line":170},"3":{"name":"(anonymous_3)","decl":{"start":{"line":180,"column":6},"end":{"line":180,"column":7}},"loc":{"start":{"line":180,"column":13},"end":{"line":180,"column":null}},"line":180},"4":{"name":"getModelConfig","decl":{"start":{"line":207,"column":16},"end":{"line":207,"column":31}},"loc":{"start":{"line":207,"column":102},"end":{"line":232,"column":null}},"line":207},"5":{"name":"(anonymous_5)","decl":{"start":{"line":209,"column":43},"end":{"line":209,"column":44}},"loc":{"start":{"line":209,"column":50},"end":{"line":209,"column":66}},"line":209},"6":{"name":"(anonymous_6)","decl":{"start":{"line":216,"column":54},"end":{"line":216,"column":55}},"loc":{"start":{"line":216,"column":61},"end":{"line":216,"column":77}},"line":216},"7":{"name":"getModelProvider","decl":{"start":{"line":237,"column":16},"end":{"line":237,"column":33}},"loc":{"start":{"line":237,"column":103},"end":{"line":240,"column":null}},"line":237},"8":{"name":"createModel","decl":{"start":{"line":245,"column":9},"end":{"line":245,"column":null}},"loc":{"start":{"line":249,"column":2},"end":{"line":280,"column":null}},"line":249},"9":{"name":"convertMessages","decl":{"start":{"line":285,"column":9},"end":{"line":285,"column":25}},"loc":{"start":{"line":285,"column":61},"end":{"line":290,"column":null}},"line":285},"10":{"name":"(anonymous_10)","decl":{"start":{"line":286,"column":22},"end":{"line":286,"column":23}},"loc":{"start":{"line":286,"column":30},"end":{"line":289,"column":4}},"line":286},"11":{"name":"buildProviderOptions","decl":{"start":{"line":296,"column":9},"end":{"line":296,"column":null}},"loc":{"start":{"line":299,"column":2},"end":{"line":351,"column":null}},"line":299},"12":{"name":"chat","decl":{"start":{"line":356,"column":22},"end":{"line":356,"column":null}},"loc":{"start":{"line":359,"column":23},"end":{"line":386,"column":null}},"line":359},"13":{"name":"chatStream","decl":{"start":{"line":391,"column":22},"end":{"line":391,"column":null}},"loc":{"start":{"line":395,"column":17},"end":{"line":419,"column":null}},"line":395},"14":{"name":"chatStreamIterable","decl":{"start":{"line":424,"column":23},"end":{"line":424,"column":null}},"loc":{"start":{"line":427,"column":31},"end":{"line":449,"column":null}},"line":427}},"branchMap":{"0":{"loc":{"start":{"line":175,"column":4},"end":{"line":175,"column":null}},"type":"if","locations":[{"start":{"line":175,"column":4},"end":{"line":175,"column":null}},{"start":{},"end":{}}],"line":175},"1":{"loc":{"start":{"line":175,"column":8},"end":{"line":175,"column":45}},"type":"binary-expr","locations":[{"start":{"line":175,"column":8},"end":{"line":175,"column":28}},{"start":{"line":175,"column":28},"end":{"line":175,"column":45}}],"line":175},"2":{"loc":{"start":{"line":178,"column":28},"end":{"line":178,"column":null}},"type":"binary-expr","locations":[{"start":{"line":178,"column":28},"end":{"line":178,"column":53}},{"start":{"line":178,"column":53},"end":{"line":178,"column":null}}],"line":178},"3":{"loc":{"start":{"line":180,"column":13},"end":{"line":180,"column":null}},"type":"binary-expr","locations":[{"start":{"line":180,"column":13},"end":{"line":180,"column":40}},{"start":{"line":180,"column":40},"end":{"line":180,"column":null}}],"line":180},"4":{"loc":{"start":{"line":185,"column":25},"end":{"line":185,"column":null}},"type":"binary-expr","locations":[{"start":{"line":185,"column":25},"end":{"line":185,"column":49}},{"start":{"line":185,"column":49},"end":{"line":185,"column":null}}],"line":185},"5":{"loc":{"start":{"line":187,"column":6},"end":{"line":197,"column":null}},"type":"if","locations":[{"start":{"line":187,"column":6},"end":{"line":197,"column":null}},{"start":{},"end":{}}],"line":187},"6":{"loc":{"start":{"line":210,"column":2},"end":{"line":210,"column":null}},"type":"if","locations":[{"start":{"line":210,"column":2},"end":{"line":210,"column":null}},{"start":{},"end":{}}],"line":210},"7":{"loc":{"start":{"line":213,"column":2},"end":{"line":229,"column":null}},"type":"if","locations":[{"start":{"line":213,"column":2},"end":{"line":229,"column":null}},{"start":{},"end":{}}],"line":213},"8":{"loc":{"start":{"line":217,"column":6},"end":{"line":227,"column":null}},"type":"if","locations":[{"start":{"line":217,"column":6},"end":{"line":227,"column":null}},{"start":{},"end":{}}],"line":217},"9":{"loc":{"start":{"line":251,"column":2},"end":{"line":253,"column":null}},"type":"if","locations":[{"start":{"line":251,"column":2},"end":{"line":253,"column":null}},{"start":{},"end":{}}],"line":251},"10":{"loc":{"start":{"line":251,"column":6},"end":{"line":251,"column":59}},"type":"binary-expr","locations":[{"start":{"line":251,"column":6},"end":{"line":251,"column":34}},{"start":{"line":251,"column":34},"end":{"line":251,"column":59}}],"line":251},"11":{"loc":{"start":{"line":255,"column":2},"end":{"line":279,"column":null}},"type":"switch","locations":[{"start":{"line":256,"column":4},"end":{"line":262,"column":null}},{"start":{"line":263,"column":4},"end":{"line":269,"column":null}},{"start":{"line":270,"column":4},"end":{"line":276,"column":null}},{"start":{"line":277,"column":4},"end":{"line":278,"column":null}}],"line":255},"12":{"loc":{"start":{"line":259,"column":17},"end":{"line":259,"column":null}},"type":"binary-expr","locations":[{"start":{"line":259,"column":17},"end":{"line":259,"column":44}},{"start":{"line":259,"column":44},"end":{"line":259,"column":null}}],"line":259},"13":{"loc":{"start":{"line":266,"column":17},"end":{"line":266,"column":null}},"type":"binary-expr","locations":[{"start":{"line":266,"column":17},"end":{"line":266,"column":44}},{"start":{"line":266,"column":44},"end":{"line":266,"column":null}}],"line":266},"14":{"loc":{"start":{"line":273,"column":17},"end":{"line":273,"column":null}},"type":"binary-expr","locations":[{"start":{"line":273,"column":17},"end":{"line":273,"column":44}},{"start":{"line":273,"column":44},"end":{"line":273,"column":null}}],"line":273},"15":{"loc":{"start":{"line":300,"column":2},"end":{"line":302,"column":null}},"type":"if","locations":[{"start":{"line":300,"column":2},"end":{"line":302,"column":null}},{"start":{},"end":{}}],"line":300},"16":{"loc":{"start":{"line":300,"column":6},"end":{"line":300,"column":39}},"type":"binary-expr","locations":[{"start":{"line":300,"column":6},"end":{"line":300,"column":25}},{"start":{"line":300,"column":25},"end":{"line":300,"column":39}}],"line":300},"17":{"loc":{"start":{"line":307,"column":2},"end":{"line":309,"column":null}},"type":"if","locations":[{"start":{"line":307,"column":2},"end":{"line":309,"column":null}},{"start":{},"end":{}}],"line":307},"18":{"loc":{"start":{"line":307,"column":6},"end":{"line":307,"column":48}},"type":"binary-expr","locations":[{"start":{"line":307,"column":6},"end":{"line":307,"column":23}},{"start":{"line":307,"column":23},"end":{"line":307,"column":48}}],"line":307},"19":{"loc":{"start":{"line":312,"column":2},"end":{"line":336,"column":null}},"type":"if","locations":[{"start":{"line":312,"column":2},"end":{"line":336,"column":null}},{"start":{},"end":{}}],"line":312},"20":{"loc":{"start":{"line":314,"column":4},"end":{"line":323,"column":null}},"type":"if","locations":[{"start":{"line":314,"column":4},"end":{"line":323,"column":null}},{"start":{},"end":{}}],"line":314},"21":{"loc":{"start":{"line":314,"column":8},"end":{"line":314,"column":74}},"type":"binary-expr","locations":[{"start":{"line":314,"column":8},"end":{"line":314,"column":44}},{"start":{"line":314,"column":44},"end":{"line":314,"column":74}}],"line":314},"22":{"loc":{"start":{"line":319,"column":29},"end":{"line":319,"column":null}},"type":"binary-expr","locations":[{"start":{"line":319,"column":29},"end":{"line":319,"column":63}},{"start":{"line":319,"column":63},"end":{"line":319,"column":null}}],"line":319},"23":{"loc":{"start":{"line":326,"column":4},"end":{"line":335,"column":null}},"type":"if","locations":[{"start":{"line":326,"column":4},"end":{"line":335,"column":null}},{"start":{},"end":{}}],"line":326},"24":{"loc":{"start":{"line":326,"column":8},"end":{"line":326,"column":90}},"type":"binary-expr","locations":[{"start":{"line":326,"column":8},"end":{"line":326,"column":45}},{"start":{"line":326,"column":45},"end":{"line":326,"column":90}}],"line":326},"25":{"loc":{"start":{"line":331,"column":29},"end":{"line":331,"column":null}},"type":"binary-expr","locations":[{"start":{"line":331,"column":29},"end":{"line":331,"column":63}},{"start":{"line":331,"column":63},"end":{"line":331,"column":null}}],"line":331},"26":{"loc":{"start":{"line":339,"column":2},"end":{"line":348,"column":null}},"type":"if","locations":[{"start":{"line":339,"column":2},"end":{"line":348,"column":null}},{"start":{},"end":{}}],"line":339},"27":{"loc":{"start":{"line":341,"column":4},"end":{"line":347,"column":null}},"type":"if","locations":[{"start":{"line":341,"column":4},"end":{"line":347,"column":null}},{"start":{},"end":{}}],"line":341},"28":{"loc":{"start":{"line":341,"column":8},"end":{"line":341,"column":60}},"type":"binary-expr","locations":[{"start":{"line":341,"column":8},"end":{"line":341,"column":37}},{"start":{"line":341,"column":37},"end":{"line":341,"column":60}}],"line":341},"29":{"loc":{"start":{"line":369,"column":17},"end":{"line":369,"column":null}},"type":"cond-expr","locations":[{"start":{"line":369,"column":52},"end":{"line":369,"column":74}},{"start":{"line":369,"column":74},"end":{"line":369,"column":null}}],"line":369},"30":{"loc":{"start":{"line":370,"column":21},"end":{"line":370,"column":null}},"type":"cond-expr","locations":[{"start":{"line":370,"column":54},"end":{"line":370,"column":74}},{"start":{"line":370,"column":74},"end":{"line":370,"column":null}}],"line":370},"31":{"loc":{"start":{"line":371,"column":10},"end":{"line":371,"column":null}},"type":"cond-expr","locations":[{"start":{"line":371,"column":38},"end":{"line":371,"column":53}},{"start":{"line":371,"column":53},"end":{"line":371,"column":null}}],"line":371},"32":{"loc":{"start":{"line":378,"column":11},"end":{"line":384,"column":null}},"type":"cond-expr","locations":[{"start":{"line":379,"column":8},"end":{"line":383,"column":null}},{"start":{"line":384,"column":8},"end":{"line":384,"column":null}}],"line":378},"33":{"loc":{"start":{"line":380,"column":24},"end":{"line":380,"column":null}},"type":"binary-expr","locations":[{"start":{"line":380,"column":24},"end":{"line":380,"column":52}},{"start":{"line":380,"column":52},"end":{"line":380,"column":null}}],"line":380},"34":{"loc":{"start":{"line":381,"column":28},"end":{"line":381,"column":null}},"type":"binary-expr","locations":[{"start":{"line":381,"column":28},"end":{"line":381,"column":57}},{"start":{"line":381,"column":57},"end":{"line":381,"column":null}}],"line":381},"35":{"loc":{"start":{"line":382,"column":23},"end":{"line":382,"column":null}},"type":"binary-expr","locations":[{"start":{"line":382,"column":23},"end":{"line":382,"column":51}},{"start":{"line":382,"column":51},"end":{"line":382,"column":null}}],"line":382},"36":{"loc":{"start":{"line":405,"column":17},"end":{"line":405,"column":null}},"type":"cond-expr","locations":[{"start":{"line":405,"column":52},"end":{"line":405,"column":74}},{"start":{"line":405,"column":74},"end":{"line":405,"column":null}}],"line":405},"37":{"loc":{"start":{"line":406,"column":21},"end":{"line":406,"column":null}},"type":"cond-expr","locations":[{"start":{"line":406,"column":54},"end":{"line":406,"column":74}},{"start":{"line":406,"column":74},"end":{"line":406,"column":null}}],"line":406},"38":{"loc":{"start":{"line":407,"column":10},"end":{"line":407,"column":null}},"type":"cond-expr","locations":[{"start":{"line":407,"column":38},"end":{"line":407,"column":53}},{"start":{"line":407,"column":53},"end":{"line":407,"column":null}}],"line":407},"39":{"loc":{"start":{"line":437,"column":17},"end":{"line":437,"column":null}},"type":"cond-expr","locations":[{"start":{"line":437,"column":52},"end":{"line":437,"column":74}},{"start":{"line":437,"column":74},"end":{"line":437,"column":null}}],"line":437},"40":{"loc":{"start":{"line":438,"column":21},"end":{"line":438,"column":null}},"type":"cond-expr","locations":[{"start":{"line":438,"column":54},"end":{"line":438,"column":74}},{"start":{"line":438,"column":74},"end":{"line":438,"column":null}}],"line":438},"41":{"loc":{"start":{"line":439,"column":10},"end":{"line":439,"column":null}},"type":"cond-expr","locations":[{"start":{"line":439,"column":38},"end":{"line":439,"column":53}},{"start":{"line":439,"column":53},"end":{"line":439,"column":null}}],"line":439}},"s":{"0":1,"1":1,"2":0,"3":0,"4":2,"5":2,"6":6,"7":6,"8":6,"9":0,"10":6,"11":0,"12":6,"13":6,"14":6,"15":0,"16":0,"17":2,"18":3,"19":9,"20":3,"21":3,"22":0,"23":0,"24":0,"25":0,"26":0,"27":0,"28":0,"29":0,"30":0,"31":0,"32":0,"33":0,"34":0,"35":0,"36":0,"37":0,"38":0,"39":0,"40":0,"41":0,"42":0,"43":0,"44":0,"45":0,"46":0,"47":0,"48":0,"49":0,"50":0,"51":0,"52":0,"53":0,"54":0,"55":0,"56":0,"57":0,"58":0,"59":0,"60":0,"61":0,"62":0,"63":0,"64":0,"65":0,"66":0,"67":0,"68":0,"69":0,"70":0,"71":0,"72":0,"73":0,"74":0,"75":0,"76":0,"77":0},"f":{"0":0,"1":0,"2":2,"3":0,"4":3,"5":9,"6":0,"7":0,"8":0,"9":0,"10":0,"11":0,"12":0,"13":0,"14":0},"b":{"0":[6,0],"1":[6,0],"2":[0,0],"3":[0,0],"4":[6,0],"5":[0,0],"6":[3,0],"7":[0,0],"8":[0,0],"9":[0,0],"10":[0,0],"11":[0,0,0,0],"12":[0,0],"13":[0,0],"14":[0,0],"15":[0,0],"16":[0,0],"17":[0,0],"18":[0,0],"19":[0,0],"20":[0,0],"21":[0,0],"22":[0,0],"23":[0,0],"24":[0,0],"25":[0,0],"26":[0,0],"27":[0,0],"28":[0,0],"29":[0,0],"30":[0,0],"31":[0,0],"32":[0,0],"33":[0,0],"34":[0,0],"35":[0,0],"36":[0,0],"37":[0,0],"38":[0,0],"39":[0,0],"40":[0,0],"41":[0,0]},"meta":{"lastBranch":42,"lastFunction":15,"lastStatement":78,"seen":{"s:54:45:155:Infinity":0,"s:158:22:158:Infinity":1,"f:163:16:163:43":0,"s:164:2:164:Infinity":2,"f:164:31:164:32":1,"s:164:38:164:61":3,"f:170:16:170:35":2,"s:171:32:171:Infinity":4,"s:173:2:199:Infinity":5,"s:174:19:174:Infinity":6,"b:175:4:175:Infinity:undefined:undefined:undefined:undefined":0,"s:175:4:175:Infinity":7,"b:175:8:175:28:175:28:175:45":1,"s:175:45:175:Infinity":8,"s:178:28:178:Infinity":9,"b:178:28:178:53:178:53:178:Infinity":2,"s:179:26:181:Infinity":10,"f:180:6:180:7":3,"s:180:13:180:Infinity":11,"b:180:13:180:40:180:40:180:Infinity":3,"s:182:4:182:Infinity":12,"s:185:25:185:Infinity":13,"b:185:25:185:49:185:49:185:Infinity":4,"s:186:4:198:Infinity":14,"b:187:6:197:Infinity:undefined:undefined:undefined:undefined":5,"s:187:6:197:Infinity":15,"s:188:8:196:Infinity":16,"s:201:2:201:Infinity":17,"f:207:16:207:31":4,"s:209:23:209:Infinity":18,"f:209:43:209:44":5,"s:209:50:209:66":19,"b:210:2:210:Infinity:undefined:undefined:undefined:undefined":6,"s:210:2:210:Infinity":20,"s:210:20:210:Infinity":21,"b:213:2:229:Infinity:undefined:undefined:undefined:undefined":7,"s:213:2:229:Infinity":22,"s:214:4:228:Infinity":23,"s:215:21:215:Infinity":24,"s:216:26:216:Infinity":25,"f:216:54:216:55":6,"s:216:61:216:77":26,"b:217:6:227:Infinity:undefined:undefined:undefined:undefined":8,"s:217:6:227:Infinity":27,"s:218:8:226:Infinity":28,"s:231:2:231:Infinity":29,"f:237:16:237:33":7,"s:238:17:238:Infinity":30,"s:239:2:239:Infinity":31,"f:245:9:245:Infinity":8,"s:250:25:250:Infinity":32,"b:251:2:253:Infinity:undefined:undefined:undefined:undefined":9,"s:251:2:253:Infinity":33,"b:251:6:251:34:251:34:251:59":10,"s:252:4:252:Infinity":34,"b:256:4:262:Infinity:263:4:269:Infinity:270:4:276:Infinity:277:4:278:Infinity":11,"s:255:2:279:Infinity":35,"s:257:12:260:Infinity":36,"b:259:17:259:44:259:44:259:Infinity":12,"s:261:6:261:Infinity":37,"s:264:12:267:Infinity":38,"b:266:17:266:44:266:44:266:Infinity":13,"s:268:6:268:Infinity":39,"s:271:12:274:Infinity":40,"b:273:17:273:44:273:44:273:Infinity":14,"s:275:6:275:Infinity":41,"s:278:6:278:Infinity":42,"f:285:9:285:25":9,"s:286:2:289:Infinity":43,"f:286:22:286:23":10,"s:286:30:289:4":44,"f:296:9:296:Infinity":11,"b:300:2:302:Infinity:undefined:undefined:undefined:undefined":15,"s:300:2:302:Infinity":45,"b:300:6:300:25:300:25:300:39":16,"s:301:4:301:Infinity":46,"s:304:23:304:Infinity":47,"b:307:2:309:Infinity:undefined:undefined:undefined:undefined":17,"s:307:2:309:Infinity":48,"b:307:6:307:23:307:23:307:48":18,"s:308:4:308:Infinity":49,"b:312:2:336:Infinity:undefined:undefined:undefined:undefined":19,"s:312:2:336:Infinity":50,"b:314:4:323:Infinity:undefined:undefined:undefined:undefined":20,"s:314:4:323:Infinity":51,"b:314:8:314:44:314:44:314:74":21,"s:315:6:322:Infinity":52,"b:319:29:319:63:319:63:319:Infinity":22,"b:326:4:335:Infinity:undefined:undefined:undefined:undefined":23,"s:326:4:335:Infinity":53,"b:326:8:326:45:326:45:326:90":24,"s:327:6:334:Infinity":54,"b:331:29:331:63:331:63:331:Infinity":25,"b:339:2:348:Infinity:undefined:undefined:undefined:undefined":26,"s:339:2:348:Infinity":55,"b:341:4:347:Infinity:undefined:undefined:undefined:undefined":27,"s:341:4:347:Infinity":56,"b:341:8:341:37:341:37:341:60":28,"s:342:6:346:Infinity":57,"s:350:2:350:Infinity":58,"f:356:22:356:Infinity":12,"s:360:16:360:Infinity":59,"s:361:22:361:Infinity":60,"s:364:26:364:Infinity":61,"s:366:17:374:Infinity":62,"b:369:52:369:74:369:74:369:Infinity":29,"b:370:54:370:74:370:74:370:Infinity":30,"b:371:38:371:53:371:53:371:Infinity":31,"s:376:2:385:Infinity":63,"b:379:8:383:Infinity:384:8:384:Infinity":32,"b:380:24:380:52:380:52:380:Infinity":33,"b:381:28:381:57:381:57:381:Infinity":34,"b:382:23:382:51:382:51:382:Infinity":35,"f:391:22:391:Infinity":13,"s:396:16:396:Infinity":64,"s:397:22:397:Infinity":65,"s:400:26:400:Infinity":66,"s:402:8:410:Infinity":67,"b:405:52:405:74:405:74:405:Infinity":36,"b:406:54:406:74:406:74:406:Infinity":37,"b:407:38:407:53:407:53:407:Infinity":38,"s:413:2:415:Infinity":68,"s:414:4:414:Infinity":69,"s:418:2:418:Infinity":70,"f:424:23:424:Infinity":14,"s:428:16:428:Infinity":71,"s:429:22:429:Infinity":72,"s:432:26:432:Infinity":73,"s:434:8:442:Infinity":74,"b:437:52:437:74:437:74:437:Infinity":39,"b:438:54:438:74:438:74:438:Infinity":40,"b:439:38:439:53:439:53:439:Infinity":41,"s:444:2:446:Infinity":75,"s:445:4:445:Infinity":76,"s:448:2:448:Infinity":77}}}
,"C:\\Users\\nr666\\Documents\\code\\chouannNovel\\src\\lib\\ai\\types.ts": {"path":"C:\\Users\\nr666\\Documents\\code\\chouannNovel\\src\\lib\\ai\\types.ts","statementMap":{},"fnMap":{},"branchMap":{},"s":{},"f":{},"b":{},"meta":{"lastBranch":0,"lastFunction":0,"lastStatement":0,"seen":{}}}
,"C:\\Users\\nr666\\Documents\\code\\chouannNovel\\src\\lib\\db\\index.ts": {"path":"C:\\Users\\nr666\\Documents\\code\\chouannNovel\\src\\lib\\db\\index.ts","statementMap":{"0":{"start":{"line":23,"column":16},"end":{"line":23,"column":null}},"1":{"start":{"line":25,"column":43},"end":{"line":25,"column":null}},"2":{"start":{"line":29,"column":2},"end":{"line":31,"column":null}},"3":{"start":{"line":30,"column":4},"end":{"line":30,"column":null}},"4":{"start":{"line":32,"column":2},"end":{"line":32,"column":null}},"5":{"start":{"line":36,"column":2},"end":{"line":36,"column":null}},"6":{"start":{"line":36,"column":37},"end":{"line":36,"column":null}},"7":{"start":{"line":37,"column":2},"end":{"line":37,"column":null}},"8":{"start":{"line":41,"column":21},"end":{"line":41,"column":null}},"9":{"start":{"line":42,"column":2},"end":{"line":42,"column":null}},"10":{"start":{"line":46,"column":16},"end":{"line":46,"column":null}},"11":{"start":{"line":47,"column":2},"end":{"line":47,"column":null}},"12":{"start":{"line":48,"column":2},"end":{"line":48,"column":null}},"13":{"start":{"line":49,"column":2},"end":{"line":49,"column":null}},"14":{"start":{"line":50,"column":2},"end":{"line":50,"column":null}},"15":{"start":{"line":51,"column":2},"end":{"line":54,"column":null}},"16":{"start":{"line":58,"column":46},"end":{"line":58,"column":null}},"17":{"start":{"line":60,"column":2},"end":{"line":68,"column":null}},"18":{"start":{"line":63,"column":6},"end":{"line":65,"column":null}},"19":{"start":{"line":64,"column":22},"end":{"line":64,"column":62}},"20":{"start":{"line":65,"column":20},"end":{"line":65,"column":49}},"21":{"start":{"line":66,"column":6},"end":{"line":66,"column":null}},"22":{"start":{"line":73,"column":2},"end":{"line":73,"column":null}},"23":{"start":{"line":79,"column":13},"end":{"line":79,"column":null}},"24":{"start":{"line":80,"column":2},"end":{"line":80,"column":null}},"25":{"start":{"line":84,"column":13},"end":{"line":84,"column":null}},"26":{"start":{"line":85,"column":18},"end":{"line":88,"column":null}},"27":{"start":{"line":89,"column":2},"end":{"line":89,"column":null}},"28":{"start":{"line":96,"column":13},"end":{"line":96,"column":null}},"29":{"start":{"line":97,"column":13},"end":{"line":97,"column":null}},"30":{"start":{"line":98,"column":8},"end":{"line":98,"column":null}},"31":{"start":{"line":100,"column":2},"end":{"line":103,"column":null}},"32":{"start":{"line":105,"column":2},"end":{"line":105,"column":null}},"33":{"start":{"line":112,"column":13},"end":{"line":112,"column":null}},"34":{"start":{"line":113,"column":28},"end":{"line":113,"column":null}},"35":{"start":{"line":114,"column":36},"end":{"line":114,"column":null}},"36":{"start":{"line":116,"column":2},"end":{"line":119,"column":null}},"37":{"start":{"line":117,"column":4},"end":{"line":117,"column":null}},"38":{"start":{"line":118,"column":4},"end":{"line":118,"column":null}},"39":{"start":{"line":120,"column":2},"end":{"line":123,"column":null}},"40":{"start":{"line":121,"column":4},"end":{"line":121,"column":null}},"41":{"start":{"line":122,"column":4},"end":{"line":122,"column":null}},"42":{"start":{"line":125,"column":2},"end":{"line":125,"column":null}},"43":{"start":{"line":126,"column":2},"end":{"line":126,"column":null}},"44":{"start":{"line":127,"column":2},"end":{"line":127,"column":null}},"45":{"start":{"line":129,"column":2},"end":{"line":132,"column":null}},"46":{"start":{"line":136,"column":13},"end":{"line":136,"column":null}},"47":{"start":{"line":137,"column":2},"end":{"line":137,"column":null}},"48":{"start":{"line":143,"column":13},"end":{"line":143,"column":null}},"49":{"start":{"line":144,"column":2},"end":{"line":147,"column":null}},"50":{"start":{"line":151,"column":13},"end":{"line":151,"column":null}},"51":{"start":{"line":152,"column":18},"end":{"line":155,"column":null}},"52":{"start":{"line":156,"column":2},"end":{"line":156,"column":null}},"53":{"start":{"line":164,"column":13},"end":{"line":164,"column":null}},"54":{"start":{"line":165,"column":21},"end":{"line":165,"column":null}},"55":{"start":{"line":166,"column":8},"end":{"line":166,"column":null}},"56":{"start":{"line":168,"column":2},"end":{"line":172,"column":null}},"57":{"start":{"line":175,"column":22},"end":{"line":175,"column":null}},"58":{"start":{"line":176,"column":2},"end":{"line":180,"column":null}},"59":{"start":{"line":182,"column":2},"end":{"line":191,"column":null}},"60":{"start":{"line":200,"column":13},"end":{"line":200,"column":null}},"61":{"start":{"line":201,"column":28},"end":{"line":201,"column":null}},"62":{"start":{"line":202,"column":45},"end":{"line":202,"column":null}},"63":{"start":{"line":204,"column":2},"end":{"line":207,"column":null}},"64":{"start":{"line":205,"column":4},"end":{"line":205,"column":null}},"65":{"start":{"line":206,"column":4},"end":{"line":206,"column":null}},"66":{"start":{"line":208,"column":2},"end":{"line":211,"column":null}},"67":{"start":{"line":209,"column":4},"end":{"line":209,"column":null}},"68":{"start":{"line":210,"column":4},"end":{"line":210,"column":null}},"69":{"start":{"line":212,"column":2},"end":{"line":215,"column":null}},"70":{"start":{"line":213,"column":4},"end":{"line":213,"column":null}},"71":{"start":{"line":214,"column":4},"end":{"line":214,"column":null}},"72":{"start":{"line":216,"column":2},"end":{"line":219,"column":null}},"73":{"start":{"line":217,"column":4},"end":{"line":217,"column":null}},"74":{"start":{"line":218,"column":4},"end":{"line":218,"column":null}},"75":{"start":{"line":221,"column":2},"end":{"line":221,"column":null}},"76":{"start":{"line":222,"column":2},"end":{"line":222,"column":null}},"77":{"start":{"line":223,"column":2},"end":{"line":223,"column":null}},"78":{"start":{"line":225,"column":2},"end":{"line":228,"column":null}},"79":{"start":{"line":232,"column":13},"end":{"line":232,"column":null}},"80":{"start":{"line":233,"column":2},"end":{"line":233,"column":null}},"81":{"start":{"line":239,"column":13},"end":{"line":239,"column":null}},"82":{"start":{"line":240,"column":16},"end":{"line":244,"column":null}},"83":{"start":{"line":246,"column":2},"end":{"line":251,"column":null}},"84":{"start":{"line":246,"column":30},"end":{"line":251,"column":4}},"85":{"start":{"line":255,"column":13},"end":{"line":255,"column":null}},"86":{"start":{"line":256,"column":18},"end":{"line":258,"column":null}},"87":{"start":{"line":260,"column":2},"end":{"line":260,"column":null}},"88":{"start":{"line":260,"column":19},"end":{"line":260,"column":null}},"89":{"start":{"line":262,"column":2},"end":{"line":267,"column":null}},"90":{"start":{"line":282,"column":13},"end":{"line":282,"column":null}},"91":{"start":{"line":283,"column":13},"end":{"line":283,"column":null}},"92":{"start":{"line":284,"column":8},"end":{"line":284,"column":null}},"93":{"start":{"line":288,"column":2},"end":{"line":303,"column":null}},"94":{"start":{"line":290,"column":4},"end":{"line":290,"column":null}},"95":{"start":{"line":291,"column":4},"end":{"line":295,"column":null}},"96":{"start":{"line":298,"column":22},"end":{"line":301,"column":null}},"97":{"start":{"line":302,"column":4},"end":{"line":302,"column":null}},"98":{"start":{"line":305,"column":2},"end":{"line":309,"column":null}},"99":{"start":{"line":311,"column":2},"end":{"line":322,"column":null}},"100":{"start":{"line":329,"column":13},"end":{"line":329,"column":null}},"101":{"start":{"line":330,"column":28},"end":{"line":330,"column":null}},"102":{"start":{"line":331,"column":36},"end":{"line":331,"column":null}},"103":{"start":{"line":333,"column":2},"end":{"line":336,"column":null}},"104":{"start":{"line":334,"column":4},"end":{"line":334,"column":null}},"105":{"start":{"line":335,"column":4},"end":{"line":335,"column":null}},"106":{"start":{"line":337,"column":2},"end":{"line":340,"column":null}},"107":{"start":{"line":338,"column":4},"end":{"line":338,"column":null}},"108":{"start":{"line":339,"column":4},"end":{"line":339,"column":null}},"109":{"start":{"line":341,"column":2},"end":{"line":344,"column":null}},"110":{"start":{"line":342,"column":4},"end":{"line":342,"column":null}},"111":{"start":{"line":343,"column":4},"end":{"line":343,"column":null}},"112":{"start":{"line":345,"column":2},"end":{"line":348,"column":null}},"113":{"start":{"line":346,"column":4},"end":{"line":346,"column":null}},"114":{"start":{"line":347,"column":4},"end":{"line":347,"column":null}},"115":{"start":{"line":350,"column":2},"end":{"line":350,"column":null}},"116":{"start":{"line":351,"column":2},"end":{"line":351,"column":null}},"117":{"start":{"line":352,"column":2},"end":{"line":352,"column":null}},"118":{"start":{"line":354,"column":2},"end":{"line":354,"column":null}},"119":{"start":{"line":358,"column":13},"end":{"line":358,"column":null}},"120":{"start":{"line":359,"column":2},"end":{"line":359,"column":null}},"121":{"start":{"line":366,"column":13},"end":{"line":366,"column":null}},"122":{"start":{"line":369,"column":21},"end":{"line":372,"column":null}},"123":{"start":{"line":374,"column":23},"end":{"line":374,"column":null}},"124":{"start":{"line":377,"column":2},"end":{"line":383,"column":null}},"125":{"start":{"line":378,"column":24},"end":{"line":378,"column":null}},"126":{"start":{"line":380,"column":4},"end":{"line":380,"column":null}},"127":{"start":{"line":380,"column":49},"end":{"line":380,"column":67}},"128":{"start":{"line":382,"column":4},"end":{"line":382,"column":null}},"129":{"start":{"line":385,"column":2},"end":{"line":390,"column":null}},"130":{"start":{"line":385,"column":15},"end":{"line":385,"column":18}},"131":{"start":{"line":386,"column":4},"end":{"line":389,"column":null}},"132":{"start":{"line":401,"column":13},"end":{"line":401,"column":null}},"133":{"start":{"line":402,"column":8},"end":{"line":402,"column":null}},"134":{"start":{"line":405,"column":2},"end":{"line":405,"column":null}},"135":{"start":{"line":408,"column":40},"end":{"line":408,"column":null}},"136":{"start":{"line":411,"column":2},"end":{"line":443,"column":null}},"137":{"start":{"line":412,"column":19},"end":{"line":412,"column":null}},"138":{"start":{"line":414,"column":4},"end":{"line":429,"column":null}},"139":{"start":{"line":431,"column":4},"end":{"line":442,"column":null}},"140":{"start":{"line":445,"column":2},"end":{"line":445,"column":null}},"141":{"start":{"line":454,"column":13},"end":{"line":454,"column":null}},"142":{"start":{"line":455,"column":12},"end":{"line":455,"column":null}},"143":{"start":{"line":456,"column":24},"end":{"line":456,"column":null}},"144":{"start":{"line":458,"column":2},"end":{"line":461,"column":null}},"145":{"start":{"line":459,"column":4},"end":{"line":459,"column":null}},"146":{"start":{"line":460,"column":4},"end":{"line":460,"column":null}},"147":{"start":{"line":463,"column":2},"end":{"line":463,"column":null}},"148":{"start":{"line":465,"column":19},"end":{"line":468,"column":null}},"149":{"start":{"line":469,"column":2},"end":{"line":469,"column":null}},"150":{"start":{"line":469,"column":30},"end":{"line":469,"column":68}},"151":{"start":{"line":478,"column":13},"end":{"line":478,"column":null}},"152":{"start":{"line":479,"column":13},"end":{"line":479,"column":null}},"153":{"start":{"line":480,"column":8},"end":{"line":480,"column":null}},"154":{"start":{"line":482,"column":2},"end":{"line":486,"column":null}},"155":{"start":{"line":488,"column":2},"end":{"line":497,"column":null}},"156":{"start":{"line":504,"column":13},"end":{"line":504,"column":null}},"157":{"start":{"line":505,"column":28},"end":{"line":505,"column":null}},"158":{"start":{"line":506,"column":45},"end":{"line":506,"column":null}},"159":{"start":{"line":508,"column":2},"end":{"line":511,"column":null}},"160":{"start":{"line":509,"column":4},"end":{"line":509,"column":null}},"161":{"start":{"line":510,"column":4},"end":{"line":510,"column":null}},"162":{"start":{"line":512,"column":2},"end":{"line":515,"column":null}},"163":{"start":{"line":513,"column":4},"end":{"line":513,"column":null}},"164":{"start":{"line":514,"column":4},"end":{"line":514,"column":null}},"165":{"start":{"line":516,"column":2},"end":{"line":519,"column":null}},"166":{"start":{"line":517,"column":4},"end":{"line":517,"column":null}},"167":{"start":{"line":518,"column":4},"end":{"line":518,"column":null}},"168":{"start":{"line":521,"column":2},"end":{"line":521,"column":null}},"169":{"start":{"line":522,"column":2},"end":{"line":522,"column":null}},"170":{"start":{"line":523,"column":2},"end":{"line":523,"column":null}},"171":{"start":{"line":525,"column":2},"end":{"line":528,"column":null}},"172":{"start":{"line":532,"column":13},"end":{"line":532,"column":null}},"173":{"start":{"line":533,"column":2},"end":{"line":533,"column":null}},"174":{"start":{"line":539,"column":13},"end":{"line":539,"column":null}},"175":{"start":{"line":540,"column":18},"end":{"line":543,"column":null}},"176":{"start":{"line":544,"column":2},"end":{"line":544,"column":null}},"177":{"start":{"line":544,"column":29},"end":{"line":544,"column":67}},"178":{"start":{"line":551,"column":13},"end":{"line":551,"column":null}},"179":{"start":{"line":552,"column":18},"end":{"line":555,"column":null}},"180":{"start":{"line":556,"column":2},"end":{"line":556,"column":null}},"181":{"start":{"line":556,"column":19},"end":{"line":556,"column":null}},"182":{"start":{"line":557,"column":2},"end":{"line":557,"column":null}},"183":{"start":{"line":565,"column":13},"end":{"line":565,"column":null}},"184":{"start":{"line":566,"column":13},"end":{"line":566,"column":null}},"185":{"start":{"line":568,"column":2},"end":{"line":572,"column":null}},"186":{"start":{"line":574,"column":2},"end":{"line":580,"column":null}},"187":{"start":{"line":587,"column":13},"end":{"line":587,"column":null}},"188":{"start":{"line":588,"column":28},"end":{"line":588,"column":null}},"189":{"start":{"line":589,"column":38},"end":{"line":589,"column":null}},"190":{"start":{"line":591,"column":2},"end":{"line":594,"column":null}},"191":{"start":{"line":592,"column":4},"end":{"line":592,"column":null}},"192":{"start":{"line":593,"column":4},"end":{"line":593,"column":null}},"193":{"start":{"line":595,"column":2},"end":{"line":598,"column":null}},"194":{"start":{"line":596,"column":4},"end":{"line":596,"column":null}},"195":{"start":{"line":597,"column":4},"end":{"line":597,"column":null}},"196":{"start":{"line":600,"column":2},"end":{"line":606,"column":null}},"197":{"start":{"line":601,"column":4},"end":{"line":601,"column":null}},"198":{"start":{"line":602,"column":4},"end":{"line":605,"column":null}},"199":{"start":{"line":610,"column":13},"end":{"line":610,"column":null}},"200":{"start":{"line":611,"column":2},"end":{"line":611,"column":null}},"201":{"start":{"line":619,"column":19},"end":{"line":619,"column":null}},"202":{"start":{"line":620,"column":2},"end":{"line":623,"column":null}},"203":{"start":{"line":621,"column":4},"end":{"line":621,"column":null}},"204":{"start":{"line":622,"column":4},"end":{"line":622,"column":null}},"205":{"start":{"line":624,"column":2},"end":{"line":624,"column":null}},"206":{"start":{"line":630,"column":31},"end":{"line":634,"column":null}},"207":{"start":{"line":637,"column":13},"end":{"line":637,"column":null}},"208":{"start":{"line":638,"column":18},"end":{"line":640,"column":null}},"209":{"start":{"line":642,"column":2},"end":{"line":670,"column":null}},"210":{"start":{"line":644,"column":4},"end":{"line":669,"column":null}},"211":{"start":{"line":672,"column":22},"end":{"line":672,"column":null}},"212":{"start":{"line":675,"column":2},"end":{"line":680,"column":null}},"213":{"start":{"line":676,"column":4},"end":{"line":679,"column":null}},"214":{"start":{"line":677,"column":6},"end":{"line":677,"column":null}},"215":{"start":{"line":678,"column":6},"end":{"line":678,"column":null}},"216":{"start":{"line":682,"column":2},"end":{"line":685,"column":null}},"217":{"start":{"line":691,"column":13},"end":{"line":691,"column":null}},"218":{"start":{"line":692,"column":28},"end":{"line":692,"column":null}},"219":{"start":{"line":693,"column":38},"end":{"line":693,"column":null}},"220":{"start":{"line":695,"column":2},"end":{"line":698,"column":null}},"221":{"start":{"line":696,"column":4},"end":{"line":696,"column":null}},"222":{"start":{"line":697,"column":4},"end":{"line":697,"column":null}},"223":{"start":{"line":699,"column":2},"end":{"line":702,"column":null}},"224":{"start":{"line":700,"column":4},"end":{"line":700,"column":null}},"225":{"start":{"line":701,"column":4},"end":{"line":701,"column":null}},"226":{"start":{"line":703,"column":2},"end":{"line":706,"column":null}},"227":{"start":{"line":704,"column":4},"end":{"line":704,"column":null}},"228":{"start":{"line":705,"column":4},"end":{"line":705,"column":null}},"229":{"start":{"line":707,"column":2},"end":{"line":710,"column":null}},"230":{"start":{"line":708,"column":4},"end":{"line":708,"column":null}},"231":{"start":{"line":709,"column":4},"end":{"line":709,"column":null}},"232":{"start":{"line":712,"column":2},"end":{"line":717,"column":null}},"233":{"start":{"line":713,"column":4},"end":{"line":716,"column":null}},"234":{"start":{"line":723,"column":13},"end":{"line":723,"column":null}},"235":{"start":{"line":724,"column":21},"end":{"line":729,"column":null}},"236":{"start":{"line":731,"column":2},"end":{"line":736,"column":null}},"237":{"start":{"line":731,"column":32},"end":{"line":736,"column":4}},"238":{"start":{"line":740,"column":13},"end":{"line":740,"column":null}},"239":{"start":{"line":741,"column":13},"end":{"line":741,"column":null}},"240":{"start":{"line":742,"column":8},"end":{"line":742,"column":null}},"241":{"start":{"line":744,"column":2},"end":{"line":748,"column":null}},"242":{"start":{"line":750,"column":2},"end":{"line":756,"column":null}},"243":{"start":{"line":765,"column":13},"end":{"line":765,"column":null}},"244":{"start":{"line":766,"column":28},"end":{"line":766,"column":null}},"245":{"start":{"line":767,"column":36},"end":{"line":767,"column":null}},"246":{"start":{"line":769,"column":2},"end":{"line":772,"column":null}},"247":{"start":{"line":770,"column":4},"end":{"line":770,"column":null}},"248":{"start":{"line":771,"column":4},"end":{"line":771,"column":null}},"249":{"start":{"line":773,"column":2},"end":{"line":776,"column":null}},"250":{"start":{"line":774,"column":4},"end":{"line":774,"column":null}},"251":{"start":{"line":775,"column":4},"end":{"line":775,"column":null}},"252":{"start":{"line":777,"column":2},"end":{"line":782,"column":null}},"253":{"start":{"line":778,"column":4},"end":{"line":778,"column":null}},"254":{"start":{"line":779,"column":4},"end":{"line":781,"column":null}},"255":{"start":{"line":783,"column":2},"end":{"line":786,"column":null}},"256":{"start":{"line":784,"column":4},"end":{"line":784,"column":null}},"257":{"start":{"line":785,"column":4},"end":{"line":785,"column":null}},"258":{"start":{"line":788,"column":2},"end":{"line":788,"column":null}},"259":{"start":{"line":790,"column":2},"end":{"line":793,"column":null}},"260":{"start":{"line":797,"column":13},"end":{"line":797,"column":null}},"261":{"start":{"line":799,"column":2},"end":{"line":799,"column":null}},"262":{"start":{"line":801,"column":2},"end":{"line":801,"column":null}},"263":{"start":{"line":807,"column":13},"end":{"line":807,"column":null}},"264":{"start":{"line":808,"column":18},"end":{"line":811,"column":null}},"265":{"start":{"line":814,"column":2},"end":{"line":819,"column":null}},"266":{"start":{"line":814,"column":32},"end":{"line":819,"column":4}},"267":{"start":{"line":827,"column":13},"end":{"line":827,"column":null}},"268":{"start":{"line":828,"column":13},"end":{"line":828,"column":null}},"269":{"start":{"line":829,"column":8},"end":{"line":829,"column":null}},"270":{"start":{"line":831,"column":2},"end":{"line":835,"column":null}},"271":{"start":{"line":837,"column":2},"end":{"line":844,"column":null}},"272":{"start":{"line":851,"column":13},"end":{"line":851,"column":null}},"273":{"start":{"line":852,"column":28},"end":{"line":852,"column":null}},"274":{"start":{"line":853,"column":36},"end":{"line":853,"column":null}},"275":{"start":{"line":855,"column":2},"end":{"line":858,"column":null}},"276":{"start":{"line":856,"column":4},"end":{"line":856,"column":null}},"277":{"start":{"line":857,"column":4},"end":{"line":857,"column":null}},"278":{"start":{"line":859,"column":2},"end":{"line":862,"column":null}},"279":{"start":{"line":860,"column":4},"end":{"line":860,"column":null}},"280":{"start":{"line":861,"column":4},"end":{"line":861,"column":null}},"281":{"start":{"line":863,"column":2},"end":{"line":866,"column":null}},"282":{"start":{"line":864,"column":4},"end":{"line":864,"column":null}},"283":{"start":{"line":865,"column":4},"end":{"line":865,"column":null}},"284":{"start":{"line":867,"column":2},"end":{"line":870,"column":null}},"285":{"start":{"line":868,"column":4},"end":{"line":868,"column":null}},"286":{"start":{"line":869,"column":4},"end":{"line":869,"column":null}},"287":{"start":{"line":871,"column":2},"end":{"line":874,"column":null}},"288":{"start":{"line":872,"column":4},"end":{"line":872,"column":null}},"289":{"start":{"line":873,"column":4},"end":{"line":873,"column":null}},"290":{"start":{"line":876,"column":2},"end":{"line":876,"column":null}},"291":{"start":{"line":878,"column":2},"end":{"line":881,"column":null}},"292":{"start":{"line":887,"column":13},"end":{"line":887,"column":null}},"293":{"start":{"line":890,"column":25},"end":{"line":892,"column":null}},"294":{"start":{"line":896,"column":8},"end":{"line":896,"column":null}},"295":{"start":{"line":897,"column":26},"end":{"line":902,"column":null}},"296":{"start":{"line":904,"column":2},"end":{"line":907,"column":null}},"297":{"start":{"line":911,"column":13},"end":{"line":911,"column":null}},"298
[...]
":143,"b:407:12:409:Infinity:undefined:undefined:undefined:undefined":28,"s:407:12:409:Infinity":144,"s:408:14:408:Infinity":145,"s:410:12:410:Infinity":146,"s:414:24:414:Infinity":147,"s:415:21:421:Infinity":148,"s:422:8:422:Infinity":149,"s:425:6:425:Infinity":150,"f:425:10:425:11":51,"s:425:22:425:67":151,"s:426:6:426:Infinity":152,"b:430:4:433:Infinity:undefined:undefined:undefined:undefined":29,"s:430:4:433:Infinity":153,"s:431:19:431:Infinity":154,"s:432:6:432:Infinity":155,"b:432:20:432:29:432:29:432:Infinity":30,"s:435:4:435:Infinity":156,"f:439:17:439:23":52,"s:440:40:440:Infinity":157,"s:441:4:441:Infinity":158,"b:441:11:441:35:441:35:441:59:441:59:441:Infinity":31,"f:445:18:445:24":53,"s:446:4:446:Infinity":159,"b:446:11:446:41:446:41:446:Infinity":32,"f:450:18:450:24":54,"s:451:40:451:Infinity":160,"b:452:4:454:Infinity:undefined:undefined:undefined:undefined":33,"s:452:4:454:Infinity":161,"b:452:8:452:23:452:23:452:53":34,"s:453:6:453:Infinity":162,"s:455:4:455:Infinity":163,"b:455:24:455:28:455:28:455:Infinity":35,"f:459:15:459:22":55,"s:460:22:460:Infinity":164,"s:463:31:463:Infinity":165,"s:464:29:464:Infinity":166,"s:466:4:476:Infinity":167,"s:467:19:467:Infinity":168,"f:467:30:467:35":56,"s:467:35:467:50":169,"b:468:6:468:Infinity:undefined:undefined:undefined:undefined":36,"s:468:6:468:Infinity":170,"s:468:17:468:Infinity":171,"b:471:6:475:Infinity:473:13:475:Infinity":37,"s:471:6:475:Infinity":172,"s:472:8:472:Infinity":173,"s:474:8:474:Infinity":174,"s:479:4:482:Infinity":175,"s:480:25:480:Infinity":176,"f:480:38:480:43":57,"s:480:43:480:65":177,"s:481:6:481:Infinity":178,"f:481:25:481:30":58,"s:481:30:481:58":179,"s:485:4:487:Infinity":180,"s:486:6:486:Infinity":181,"s:489:4:491:Infinity":182,"f:489:8:489:9":59,"s:489:20:491:6":183,"f:490:32:490:37":60,"s:490:37:490:66":184,"f:495:16:495:23":61,"s:496:32:496:Infinity":185,"b:497:4:497:Infinity:undefined:undefined:undefined:undefined":38,"s:497:4:497:Infinity":186,"s:497:26:497:Infinity":187,"s:500:23:507:Infinity":188,"f:500:42:500:48":62,"s:500:48:507:6":189,"s:510:26:510:Infinity":190,"s:513:4:513:Infinity":191}}}
,"C:\\Users\\nr666\\Documents\\code\\chouannNovel\\src\\stores\\settings-store.ts": {"path":"C:\\Users\\nr666\\Documents\\code\\chouannNovel\\src\\stores\\settings-store.ts","statementMap":{"0":{"start":{"line":37,"column":13},"end":{"line":147,"column":null}},"1":{"start":{"line":37,"column":69},"end":{"line":147,"column":2}},"2":{"start":{"line":44,"column":4},"end":{"line":44,"column":null}},"3":{"start":{"line":45,"column":4},"end":{"line":55,"column":null}},"4":{"start":{"line":46,"column":34},"end":{"line":49,"column":null}},"5":{"start":{"line":50,"column":6},"end":{"line":50,"column":null}},"6":{"start":{"line":52,"column":6},"end":{"line":52,"column":null}},"7":{"start":{"line":54,"column":6},"end":{"line":54,"column":null}},"8":{"start":{"line":59,"column":43},"end":{"line":59,"column":null}},"9":{"start":{"line":60,"column":4},"end":{"line":60,"column":null}},"10":{"start":{"line":60,"column":27},"end":{"line":60,"column":null}},"11":{"start":{"line":62,"column":4},"end":{"line":69,"column":null}},"12":{"start":{"line":63,"column":25},"end":{"line":63,"column":null}},"13":{"start":{"line":64,"column":6},"end":{"line":64,"column":null}},"14":{"start":{"line":65,"column":6},"end":{"line":65,"column":null}},"15":{"start":{"line":67,"column":6},"end":{"line":67,"column":null}},"16":{"start":{"line":68,"column":6},"end":{"line":68,"column":null}},"17":{"start":{"line":73,"column":25},"end":{"line":73,"column":null}},"18":{"start":{"line":74,"column":4},"end":{"line":83,"column":null}},"19":{"start":{"line":75,"column":6},"end":{"line":75,"column":null}},"20":{"start":{"line":76,"column":6},"end":{"line":80,"column":null}},"21":{"start":{"line":78,"column":10},"end":{"line":78,"column":null}},"22":{"start":{"line":82,"column":6},"end":{"line":82,"column":null}},"23":{"start":{"line":87,"column":25},"end":{"line":87,"column":null}},"24":{"start":{"line":88,"column":4},"end":{"line":93,"column":null}},"25":{"start":{"line":89,"column":6},"end":{"line":89,"column":null}},"26":{"start":{"line":90,"column":6},"end":{"line":90,"column":null}},"27":{"start":{"line":90,"column":45},"end":{"line":90,"column":56}},"28":{"start":{"line":92,"column":6},"end":{"line":92,"column":null}},"29":{"start":{"line":97,"column":25},"end":{"line":97,"column":null}},"30":{"start":{"line":98,"column":20},"end":{"line":98,"column":null}},"31":{"start":{"line":98,"column":41},"end":{"line":98,"column":52}},"32":{"start":{"line":99,"column":4},"end":{"line":99,"column":null}},"33":{"start":{"line":99,"column":18},"end":{"line":99,"column":null}},"34":{"start":{"line":101,"column":4},"end":{"line":110,"column":null}},"35":{"start":{"line":102,"column":6},"end":{"line":102,"column":null}},"36":{"start":{"line":103,"column":6},"end":{"line":107,"column":null}},"37":{"start":{"line":105,"column":10},"end":{"line":105,"column":null}},"38":{"start":{"line":109,"column":6},"end":{"line":109,"column":null}},"39":{"start":{"line":114,"column":49},"end":{"line":114,"column":null}},"40":{"start":{"line":115,"column":4},"end":{"line":115,"column":null}},"41":{"start":{"line":115,"column":27},"end":{"line":115,"column":null}},"42":{"start":{"line":117,"column":4},"end":{"line":132,"column":null}},"43":{"start":{"line":118,"column":21},"end":{"line":118,"column":null}},"44":{"start":{"line":119,"column":28},"end":{"line":121,"column":null}},"45":{"start":{"line":120,"column":15},"end":{"line":120,"column":null}},"46":{"start":{"line":123,"column":6},"end":{"line":129,"column":null}},"47":{"start":{"line":124,"column":27},"end":{"line":124,"column":null}},"48":{"start":{"line":125,"column":8},"end":{"line":125,"column":null}},"49":{"start":{"line":126,"column":8},"end":{"line":126,"column":null}},"50":{"start":{"line":128,"column":8},"end":{"line":128,"column":null}},"51":{"start":{"line":131,"column":6},"end":{"line":131,"column":null}},"52":{"start":{"line":136,"column":4},"end":{"line":136,"column":null}},"53":{"start":{"line":136,"column":40},"end":{"line":136,"column":63}},"54":{"start":{"line":140,"column":25},"end":{"line":140,"column":null}},"55":{"start":{"line":141,"column":4},"end":{"line":141,"column":null}},"56":{"start":{"line":141,"column":34},"end":{"line":141,"column":85}},"57":{"start":{"line":145,"column":4},"end":{"line":145,"column":null}},"58":{"start":{"line":145,"column":44},"end":{"line":145,"column":67}}},"fnMap":{"0":{"name":"(anonymous_0)","decl":{"start":{"line":37,"column":54},"end":{"line":37,"column":55}},"loc":{"start":{"line":37,"column":69},"end":{"line":147,"column":2}},"line":37},"1":{"name":"(anonymous_1)","decl":{"start":{"line":43,"column":16},"end":{"line":43,"column":23}},"loc":{"start":{"line":43,"column":61},"end":{"line":56,"column":null}},"line":43},"2":{"name":"(anonymous_2)","decl":{"start":{"line":58,"column":14},"end":{"line":58,"column":21}},"loc":{"start":{"line":58,"column":49},"end":{"line":70,"column":null}},"line":58},"3":{"name":"(anonymous_3)","decl":{"start":{"line":72,"column":15},"end":{"line":72,"column":22}},"loc":{"start":{"line":72,"column":35},"end":{"line":84,"column":null}},"line":72},"4":{"name":"(anonymous_4)","decl":{"start":{"line":77,"column":31},"end":{"line":77,"column":32}},"loc":{"start":{"line":78,"column":10},"end":{"line":78,"column":null}},"line":78},"5":{"name":"(anonymous_5)","decl":{"start":{"line":86,"column":17},"end":{"line":86,"column":24}},"loc":{"start":{"line":86,"column":31},"end":{"line":94,"column":null}},"line":86},"6":{"name":"(anonymous_6)","decl":{"start":{"line":90,"column":38},"end":{"line":90,"column":39}},"loc":{"start":{"line":90,"column":45},"end":{"line":90,"column":56}},"line":90},"7":{"name":"(anonymous_7)","decl":{"start":{"line":96,"column":17},"end":{"line":96,"column":24}},"loc":{"start":{"line":96,"column":31},"end":{"line":111,"column":null}},"line":96},"8":{"name":"(anonymous_8)","decl":{"start":{"line":98,"column":34},"end":{"line":98,"column":35}},"loc":{"start":{"line":98,"column":41},"end":{"line":98,"column":52}},"line":98},"9":{"name":"(anonymous_9)","decl":{"start":{"line":104,"column":31},"end":{"line":104,"column":32}},"loc":{"start":{"line":105,"column":10},"end":{"line":105,"column":null}},"line":105},"10":{"name":"(anonymous_10)","decl":{"start":{"line":113,"column":21},"end":{"line":113,"column":28}},"loc":{"start":{"line":113,"column":57},"end":{"line":133,"column":null}},"line":113},"11":{"name":"(anonymous_11)","decl":{"start":{"line":120,"column":8},"end":{"line":120,"column":9}},"loc":{"start":{"line":120,"column":15},"end":{"line":120,"column":null}},"line":120},"12":{"name":"(anonymous_12)","decl":{"start":{"line":135,"column":25},"end":{"line":135,"column":26}},"loc":{"start":{"line":135,"column":39},"end":{"line":137,"column":null}},"line":135},"13":{"name":"(anonymous_13)","decl":{"start":{"line":136,"column":33},"end":{"line":136,"column":34}},"loc":{"start":{"line":136,"column":40},"end":{"line":136,"column":63}},"line":136},"14":{"name":"(anonymous_14)","decl":{"start":{"line":139,"column":22},"end":{"line":139,"column":23}},"loc":{"start":{"line":139,"column":36},"end":{"line":142,"column":null}},"line":139},"15":{"name":"(anonymous_15)","decl":{"start":{"line":141,"column":27},"end":{"line":141,"column":28}},"loc":{"start":{"line":141,"column":34},"end":{"line":141,"column":85}},"line":141},"16":{"name":"(anonymous_16)","decl":{"start":{"line":144,"column":30},"end":{"line":144,"column":31}},"loc":{"start":{"line":144,"column":44},"end":{"line":146,"column":null}},"line":144},"17":{"name":"(anonymous_17)","decl":{"start":{"line":145,"column":37},"end":{"line":145,"column":38}},"loc":{"start":{"line":145,"column":44},"end":{"line":145,"column":67}},"line":145}},"branchMap":{"0":{"loc":{"start":{"line":60,"column":4},"end":{"line":60,"column":null}},"type":"if","locations":[{"start":{"line":60,"column":4},"end":{"line":60,"column":null}},{"start":{},"end":{}}],"line":60},"1":{"loc":{"start":{"line":78,"column":10},"end":{"line":78,"column":null}},"type":"cond-expr","locations":[{"start":{"line":78,"column":24},"end":{"line":78,"column":82}},{"start":{"line":78,"column":82},"end":{"line":78,"column":null}}],"line":78},"2":{"loc":{"start":{"line":99,"column":4},"end":{"line":99,"column":null}},"type":"if","locations":[{"start":{"line":99,"column":4},"end":{"line":99,"column":null}},{"start":{},"end":{}}],"line":99},"3":{"loc":{"start":{"line":105,"column":10},"end":{"line":105,"column":null}},"type":"cond-expr","locations":[{"start":{"line":105,"column":24},"end":{"line":105,"column":56}},{"start":{"line":105,"column":56},"end":{"line":105,"column":null}}],"line":105},"4":{"loc":{"start":{"line":115,"column":4},"end":{"line":115,"column":null}},"type":"if","locations":[{"start":{"line":115,"column":4},"end":{"line":115,"column":null}},{"start":{},"end":{}}],"line":115},"5":{"loc":{"start":{"line":120,"column":15},"end":{"line":120,"column":null}},"type":"binary-expr","locations":[{"start":{"line":120,"column":15},"end":{"line":120,"column":52}},{"start":{"line":120,"column":52},"end":{"line":120,"column":null}}],"line":120},"6":{"loc":{"start":{"line":123,"column":6},"end":{"line":129,"column":null}},"type":"if","locations":[{"start":{"line":123,"column":6},"end":{"line":129,"column":null}},{"start":{"line":127,"column":13},"end":{"line":129,"column":null}}],"line":123},"7":{"loc":{"start":{"line":141,"column":34},"end":{"line":141,"column":85}},"type":"binary-expr","locations":[{"start":{"line":141,"column":34},"end":{"line":141,"column":48}},{"start":{"line":141,"column":48},"end":{"line":141,"column":61}},{"start":{"line":141,"column":61},"end":{"line":141,"column":85}}],"line":141}},"s":{"0":2,"1":2,"2":7,"3":7,"4":7,"5":6,"6":1,"7":7,"8":7,"9":7,"10":1,"11":6,"12":6,"13":5,"14":5,"15":1,"16":1,"17":2,"18":2,"19":2,"20":2,"21":2,"22":0,"23":1,"24":1,"25":1,"26":1,"27":1,"28":0,"29":3,"30":3,"31":2,"32":3,"33":1,"34":2,"35":2,"36":2,"37":2,"38":0,"39":3,"40":3,"41":1,"42":2,"43":2,"44":2,"45":1,"46":2,"47":1,"48":1,"49":1,"50":1,"51":0,"52":2,"53":8,"54":3,"55":3,"56":8,"57":2,"58":3},"f":{"0":2,"1":7,"2":7,"3":2,"4":2,"5":1,"6":1,"7":3,"8":2,"9":2,"10":3,"11":1,"12":2,"13":8,"14":3,"15":8,"16":2,"17":3},"b":{"0":[1,6],"1":[2,0],"2":[1,2],"3":[2,0],"4":[1,2],"5":[1,1],"6":[1,1],"7":[8,6,3]},"meta":{"lastBranch":8,"lastFunction":18,"lastStatement":59,"seen":{"s:37:13:147:Infinity":0,"f:37:54:37:55":0,"s:37:69:147:2":1,"f:43:16:43:23":1,"s:44:4:44:Infinity":2,"s:45:4:55:Infinity":3,"s:46:34:49:Infinity":4,"s:50:6:50:Infinity":5,"s:52:6:52:Infinity":6,"s:54:6:54:Infinity":7,"f:58:14:58:21":2,"s:59:43:59:Infinity":8,"b:60:4:60:Infinity:undefined:undefined:undefined:undefined":0,"s:60:4:60:Infinity":9,"s:60:27:60:Infinity":10,"s:62:4:69:Infinity":11,"s:63:25:63:Infinity":12,"s:64:6:64:Infinity":13,"s:65:6:65:Infinity":14,"s:67:6:67:Infinity":15,"s:68:6:68:Infinity":16,"f:72:15:72:22":3,"s:73:25:73:Infinity":17,"s:74:4:83:Infinity":18,"s:75:6:75:Infinity":19,"s:76:6:80:Infinity":20,"f:77:31:77:32":4,"s:78:10:78:Infinity":21,"b:78:24:78:82:78:82:78:Infinity":1,"s:82:6:82:Infinity":22,"f:86:17:86:24":5,"s:87:25:87:Infinity":23,"s:88:4:93:Infinity":24,"s:89:6:89:Infinity":25,"s:90:6:90:Infinity":26,"f:90:38:90:39":6,"s:90:45:90:56":27,"s:92:6:92:Infinity":28,"f:96:17:96:24":7,"s:97:25:97:Infinity":29,"s:98:20:98:Infinity":30,"f:98:34:98:35":8,"s:98:41:98:52":31,"b:99:4:99:Infinity:undefined:undefined:undefined:undefined":2,"s:99:4:99:Infinity":32,"s:99:18:99:Infinity":33,"s:101:4:110:Infinity":34,"s:102:6:102:Infinity":35,"s:103:6:107:Infinity":36,"f:104:31:104:32":9,"s:105:10:105:Infinity":37,"b:105:24:105:56:105:56:105:Infinity":3,"s:109:6:109:Infinity":38,"f:113:21:113:28":10,"s:114:49:114:Infinity":39,"b:115:4:115:Infinity:undefined:undefined:undefined:undefined":4,"s:115:4:115:Infinity":40,"s:115:27:115:Infinity":41,"s:117:4:132:Infinity":42,"s:118:21:118:Infinity":43,"s:119:28:121:Infinity":44,"f:120:8:120:9":11,"s:120:15:120:Infinity":45,"b:120:15:120:52:120:52:120:Infinity":5,"b:123:6:129:Infinity:127:13:129:Infinity":6,"s:123:6:129:Infinity":46,"s:124:27:124:Infinity":47,"s:125:8:125:Infinity":48,"s:126:8:126:Infinity":49,"s:128:8:128:Infinity":50,"s:131:6:131:Infinity":51,"f:135:25:135:26":12,"s:136:4:136:Infinity":52,"f:136:33:136:34":13,"s:136:40:136:63":53,"f:139:22:139:23":14,"s:140:25:140:Infinity":54,"s:141:4:141:Infinity":55,"f:141:27:141:28":15,"s:141:34:141:85":56,"b:141:34:141:48:141:48:141:61:141:61:141:85":7,"f:144:30:144:31":16,"s:145:4:145:Infinity":57,"f:145:37:145:38":17,"s:145:44:145:67":58}}}
,"C:\\Users\\nr666\\Documents\\code\\chouannNovel\\src\\stores\\theme-store.ts": {"path":"C:\\Users\\nr666\\Documents\\code\\chouannNovel\\src\\stores\\theme-store.ts","statementMap":{"0":{"start":{"line":12,"column":2},"end":{"line":16,"column":null}},"1":{"start":{"line":13,"column":4},"end":{"line":15,"column":null}},"2":{"start":{"line":17,"column":2},"end":{"line":17,"column":null}},"3":{"start":{"line":22,"column":15},"end":{"line":22,"column":null}},"4":{"start":{"line":23,"column":2},"end":{"line":23,"column":null}},"5":{"start":{"line":25,"column":25},"end":{"line":25,"column":null}},"6":{"start":{"line":26,"column":2},"end":{"line":26,"column":null}},"7":{"start":{"line":29,"column":13},"end":{"line":48,"column":null}},"8":{"start":{"line":31,"column":14},"end":{"line":37,"column":null}},"9":{"start":{"line":34,"column":8},"end":{"line":34,"column":null}},"10":{"start":{"line":35,"column":8},"end":{"line":35,"column":null}},"11":{"start":{"line":40,"column":32},"end":{"line":45,"column":null}},"12":{"start":{"line":42,"column":8},"end":{"line":44,"column":null}},"13":{"start":{"line":43,"column":10},"end":{"line":43,"column":null}},"14":{"start":{"line":51,"column":0},"end":{"line":60,"column":null}},"15":{"start":{"line":52,"column":2},"end":{"line":59,"column":null}},"16":{"start":{"line":55,"column":24},"end":{"line":55,"column":null}},"17":{"start":{"line":56,"column":6},"end":{"line":58,"column":null}},"18":{"start":{"line":57,"column":8},"end":{"line":57,"column":null}}},"fnMap":{"0":{"name":"getSystemTheme","decl":{"start":{"line":11,"column":9},"end":{"line":11,"column":44}},"loc":{"start":{"line":11,"column":44},"end":{"line":18,"column":null}},"line":11},"1":{"name":"applyTheme","decl":{"start":{"line":21,"column":9},"end":{"line":21,"column":20}},"loc":{"start":{"line":21,"column":34},"end":{"line":27,"column":null}},"line":21},"2":{"name":"(anonymous_2)","decl":{"start":{"line":31,"column":4},"end":{"line":31,"column":5}},"loc":{"start":{"line":31,"column":14},"end":{"line":37,"column":null}},"line":31},"3":{"name":"(anonymous_3)","decl":{"start":{"line":33,"column":16},"end":{"line":33,"column":17}},"loc":{"start":{"line":33,"column":27},"end":{"line":36,"column":null}},"line":33},"4":{"name":"(anonymous_4)","decl":{"start":{"line":40,"column":26},"end":{"line":40,"column":32}},"loc":{"start":{"line":40,"column":32},"end":{"line":45,"column":null}},"line":40},"5":{"name":"(anonymous_5)","decl":{"start":{"line":40,"column":32},"end":{"line":40,"column":33}},"loc":{"start":{"line":40,"column":43},"end":{"line":45,"column":null}},"line":40},"6":{"name":"(anonymous_6)","decl":{"start":{"line":54,"column":32},"end":{"line":54,"column":38}},"loc":{"start":{"line":54,"column":38},"end":{"line":59,"column":5}},"line":54}},"branchMap":{"0":{"loc":{"start":{"line":12,"column":2},"end":{"line":16,"column":null}},"type":"if","locations":[{"start":{"line":12,"column":2},"end":{"line":16,"column":null}},{"start":{},"end":{}}],"line":12},"1":{"loc":{"start":{"line":13,"column":11},"end":{"line":15,"column":null}},"type":"cond-expr","locations":[{"start":{"line":14,"column":8},"end":{"line":14,"column":null}},{"start":{"line":15,"column":8},"end":{"line":15,"column":null}}],"line":13},"2":{"loc":{"start":{"line":25,"column":25},"end":{"line":25,"column":null}},"type":"cond-expr","locations":[{"start":{"line":25,"column":46},"end":{"line":25,"column":65}},{"start":{"line":25,"column":65},"end":{"line":25,"column":null}}],"line":25},"3":{"loc":{"start":{"line":42,"column":8},"end":{"line":44,"column":null}},"type":"if","locations":[{"start":{"line":42,"column":8},"end":{"line":44,"column":null}},{"start":{},"end":{}}],"line":42},"4":{"loc":{"start":{"line":51,"column":0},"end":{"line":60,"column":null}},"type":"if","locations":[{"start":{"line":51,"column":0},"end":{"line":60,"column":null}},{"start":{},"end":{}}],"line":51},"5":{"loc":{"start":{"line":56,"column":6},"end":{"line":58,"column":null}},"type":"if","locations":[{"start":{"line":56,"column":6},"end":{"line":58,"column":null}},{"start":{},"end":{}}],"line":56}},"s":{"0":0,"1":0,"2":0,"3":0,"4":0,"5":0,"6":0,"7":0,"8":0,"9":0,"10":0,"11":0,"12":0,"13":0,"14":0,"15":0,"16":0,"17":0,"18":0},"f":{"0":0,"1":0,"2":0,"3":0,"4":0,"5":0,"6":0},"b":{"0":[0,0],"1":[0,0],"2":[0,0],"3":[0,0],"4":[0,0],"5":[0,0]},"meta":{"lastBranch":6,"lastFunction":7,"lastStatement":19,"seen":{"f:11:9:11:44":0,"b:12:2:16:Infinity:undefined:undefined:undefined:undefined":0,"s:12:2:16:Infinity":0,"s:13:4:15:Infinity":1,"b:14:8:14:Infinity:15:8:15:Infinity":1,"s:17:2:17:Infinity":2,"f:21:9:21:20":1,"s:22:15:22:Infinity":3,"s:23:2:23:Infinity":4,"s:25:25:25:Infinity":5,"b:25:46:25:65:25:65:25:Infinity":2,"s:26:2:26:Infinity":6,"s:29:13:48:Infinity":7,"f:31:4:31:5":2,"s:31:14:37:Infinity":8,"f:33:16:33:17":3,"s:34:8:34:Infinity":9,"s:35:8:35:Infinity":10,"f:40:26:40:32":4,"s:40:32:45:Infinity":11,"f:40:32:40:33":5,"b:42:8:44:Infinity:undefined:undefined:undefined:undefined":3,"s:42:8:44:Infinity":12,"s:43:10:43:Infinity":13,"b:51:0:60:Infinity:undefined:undefined:undefined:undefined":4,"s:51:0:60:Infinity":14,"s:52:2:59:Infinity":15,"f:54:32:54:38":6,"s:55:24:55:Infinity":16,"b:56:6:58:Infinity:undefined:undefined:undefined:undefined":5,"s:56:6:58:Infinity":17,"s:57:8:57:Infinity":18}}}
}
